<?xml version="1.0" encoding="UTF-8"?>
<coverage generated="1649829851986" clover="3.2.0">
  <project timestamp="1649829851986" name="All files">
    <metrics statements="192" coveredstatements="162" conditionals="29" coveredconditionals="23" methods="100" coveredmethods="80" elements="321" coveredelements="265" complexity="0" loc="192" ncloc="192" packages="51" files="51" classes="51"/>
    <package name="components">
      <metrics statements="5" coveredstatements="5" conditionals="0" coveredconditionals="0" methods="0" coveredmethods="0"/>
      <file name="db.tsx" path="/home/sreek/Music/blinkist_final/src/components/db.tsx">
        <metrics statements="5" coveredstatements="5" conditionals="0" coveredconditionals="0" methods="0" coveredmethods="0"/>
        <line num="7" count="1" type="stmt"/>
        <line num="87" count="1" type="stmt"/>
        <line num="134" count="1" type="stmt"/>
        <line num="162" count="1" type="stmt"/>
        <line num="186" count="1" type="stmt"/>
      </file>
    </package>
    <package name="components.atoms.AuthorName">
      <metrics statements="1" coveredstatements="1" conditionals="0" coveredconditionals="0" methods="1" coveredmethods="1"/>
      <file name="AuthorName.tsx" path="/home/sreek/Music/blinkist_final/src/components/atoms/AuthorName/AuthorName.tsx">
        <metrics statements="1" coveredstatements="1" conditionals="0" coveredconditionals="0" methods="1" coveredmethods="1"/>
        <line num="10" count="63" type="stmt"/>
      </file>
    </package>
    <package name="components.atoms.BannerContent">
      <metrics statements="2" coveredstatements="2" conditionals="0" coveredconditionals="0" methods="1" coveredmethods="1"/>
      <file name="BannerContent.tsx" path="/home/sreek/Music/blinkist_final/src/components/atoms/BannerContent/BannerContent.tsx">
        <metrics statements="2" coveredstatements="2" conditionals="0" coveredconditionals="0" methods="1" coveredmethods="1"/>
        <line num="4" count="4" type="stmt"/>
        <line num="5" count="4" type="stmt"/>
      </file>
    </package>
    <package name="components.atoms.BannerTitle">
      <metrics statements="2" coveredstatements="2" conditionals="0" coveredconditionals="0" methods="1" coveredmethods="1"/>
      <file name="BannerTitle.tsx" path="/home/sreek/Music/blinkist_final/src/components/atoms/BannerTitle/BannerTitle.tsx">
        <metrics statements="2" coveredstatements="2" conditionals="0" coveredconditionals="0" methods="1" coveredmethods="1"/>
        <line num="4" count="4" type="stmt"/>
        <line num="5" count="4" type="stmt"/>
      </file>
    </package>
    <package name="components.atoms.BookReadTime">
      <metrics statements="1" coveredstatements="1" conditionals="0" coveredconditionals="0" methods="1" coveredmethods="1"/>
      <file name="BookReadTime.tsx" path="/home/sreek/Music/blinkist_final/src/components/atoms/BookReadTime/BookReadTime.tsx">
        <metrics statements="1" coveredstatements="1" conditionals="0" coveredconditionals="0" methods="1" coveredmethods="1"/>
        <line num="10" count="85" type="stmt"/>
      </file>
    </package>
    <package name="components.atoms.BookTitle">
      <metrics statements="1" coveredstatements="1" conditionals="0" coveredconditionals="0" methods="1" coveredmethods="1"/>
      <file name="BookTitle.tsx" path="/home/sreek/Music/blinkist_final/src/components/atoms/BookTitle/BookTitle.tsx">
        <metrics statements="1" coveredstatements="1" conditionals="0" coveredconditionals="0" methods="1" coveredmethods="1"/>
        <line num="10" count="56" type="stmt"/>
      </file>
    </package>
    <package name="components.atoms.Footer.BlinkWithTag">
      <metrics statements="2" coveredstatements="2" conditionals="0" coveredconditionals="0" methods="1" coveredmethods="1"/>
      <file name="BlinkWithTag.tsx" path="/home/sreek/Music/blinkist_final/src/components/atoms/Footer/BlinkWithTag/BlinkWithTag.tsx">
        <metrics statements="2" coveredstatements="2" conditionals="0" coveredconditionals="0" methods="1" coveredmethods="1"/>
        <line num="5" count="6" type="stmt"/>
        <line num="6" count="6" type="stmt"/>
      </file>
    </package>
    <package name="components.atoms.Footer.CopyRight">
      <metrics statements="2" coveredstatements="2" conditionals="0" coveredconditionals="0" methods="1" coveredmethods="1"/>
      <file name="CopyRight.tsx" path="/home/sreek/Music/blinkist_final/src/components/atoms/Footer/CopyRight/CopyRight.tsx">
        <metrics statements="2" coveredstatements="2" conditionals="0" coveredconditionals="0" methods="1" coveredmethods="1"/>
        <line num="4" count="6" type="stmt"/>
        <line num="5" count="6" type="stmt"/>
      </file>
    </package>
    <package name="components.atoms.Footer.Nav.NavHead">
      <metrics statements="2" coveredstatements="2" conditionals="0" coveredconditionals="0" methods="1" coveredmethods="1"/>
      <file name="NavHead.tsx" path="/home/sreek/Music/blinkist_final/src/components/atoms/Footer/Nav/NavHead/NavHead.tsx">
        <metrics statements="2" coveredstatements="2" conditionals="0" coveredconditionals="0" methods="1" coveredmethods="1"/>
        <line num="8" count="9" type="stmt"/>
        <line num="9" count="19" type="stmt"/>
      </file>
    </package>
    <package name="components.atoms.Footer.Nav.NavItems">
      <metrics statements="2" coveredstatements="2" conditionals="0" coveredconditionals="0" methods="1" coveredmethods="1"/>
      <file name="NavItems.tsx" path="/home/sreek/Music/blinkist_final/src/components/atoms/Footer/Nav/NavItems/NavItems.tsx">
        <metrics statements="2" coveredstatements="2" conditionals="0" coveredconditionals="0" methods="1" coveredmethods="1"/>
        <line num="9" count="9" type="stmt"/>
        <line num="10" count="79" type="stmt"/>
      </file>
    </package>
    <package name="components.atoms.Footer.Tagline">
      <metrics statements="2" coveredstatements="2" conditionals="0" coveredconditionals="0" methods="1" coveredmethods="1"/>
      <file name="Tagline.tsx" path="/home/sreek/Music/blinkist_final/src/components/atoms/Footer/Tagline/Tagline.tsx">
        <metrics statements="2" coveredstatements="2" conditionals="0" coveredconditionals="0" methods="1" coveredmethods="1"/>
        <line num="4" count="7" type="stmt"/>
        <line num="5" count="7" type="stmt"/>
      </file>
    </package>
    <package name="components.atoms.Header.UserLogin">
      <metrics statements="1" coveredstatements="1" conditionals="0" coveredconditionals="0" methods="1" coveredmethods="1"/>
      <file name="User.tsx" path="/home/sreek/Music/blinkist_final/src/components/atoms/Header/UserLogin/User.tsx">
        <metrics statements="1" coveredstatements="1" conditionals="0" coveredconditionals="0" methods="1" coveredmethods="1"/>
        <line num="5" count="11" type="stmt"/>
      </file>
    </package>
    <package name="components.atoms.Link.Default">
      <metrics statements="2" coveredstatements="2" conditionals="0" coveredconditionals="0" methods="1" coveredmethods="1"/>
      <file name="DefaultLink.tsx" path="/home/sreek/Music/blinkist_final/src/components/atoms/Link/Default/DefaultLink.tsx">
        <metrics statements="2" coveredstatements="2" conditionals="0" coveredconditionals="0" methods="1" coveredmethods="1"/>
        <line num="12" count="9" type="stmt"/>
        <line num="13" count="8" type="stmt"/>
      </file>
    </package>
    <package name="components.atoms.Link.withIcon">
      <metrics statements="3" coveredstatements="3" conditionals="2" coveredconditionals="2" methods="2" coveredmethods="2"/>
      <file name="WithIcon.tsx" path="/home/sreek/Music/blinkist_final/src/components/atoms/Link/withIcon/WithIcon.tsx">
        <metrics statements="3" coveredstatements="3" conditionals="2" coveredconditionals="2" methods="2" coveredmethods="2"/>
        <line num="12" count="16" type="stmt"/>
        <line num="13" count="10" type="stmt"/>
        <line num="21" count="1" type="stmt"/>
      </file>
    </package>
    <package name="components.atoms.MyLibrary">
      <metrics statements="2" coveredstatements="2" conditionals="0" coveredconditionals="0" methods="1" coveredmethods="1"/>
      <file name="MyLibrary.tsx" path="/home/sreek/Music/blinkist_final/src/components/atoms/MyLibrary/MyLibrary.tsx">
        <metrics statements="2" coveredstatements="2" conditionals="0" coveredconditionals="0" methods="1" coveredmethods="1"/>
        <line num="11" count="26" type="stmt"/>
        <line num="12" count="26" type="stmt"/>
      </file>
    </package>
    <package name="components.atoms.PersonIcon">
      <metrics statements="1" coveredstatements="1" conditionals="0" coveredconditionals="0" methods="1" coveredmethods="1"/>
      <file name="PersonIcon.tsx" path="/home/sreek/Music/blinkist_final/src/components/atoms/PersonIcon/PersonIcon.tsx">
        <metrics statements="1" coveredstatements="1" conditionals="0" coveredconditionals="0" methods="1" coveredmethods="1"/>
        <line num="5" count="22" type="stmt"/>
      </file>
    </package>
    <package name="components.atoms.Search">
      <metrics statements="2" coveredstatements="2" conditionals="0" coveredconditionals="0" methods="1" coveredmethods="1"/>
      <file name="Search.tsx" path="/home/sreek/Music/blinkist_final/src/components/atoms/Search/Search.tsx">
        <metrics statements="2" coveredstatements="2" conditionals="0" coveredconditionals="0" methods="1" coveredmethods="1"/>
        <line num="4" count="7" type="stmt"/>
        <line num="5" count="11" type="stmt"/>
      </file>
    </package>
    <package name="components.atoms.TimerIcon">
      <metrics statements="1" coveredstatements="1" conditionals="0" coveredconditionals="0" methods="1" coveredmethods="1"/>
      <file name="TimerIcon.tsx" path="/home/sreek/Music/blinkist_final/src/components/atoms/TimerIcon/TimerIcon.tsx">
        <metrics statements="1" coveredstatements="1" conditionals="0" coveredconditionals="0" methods="1" coveredmethods="1"/>
        <line num="5" count="64" type="stmt"/>
      </file>
    </package>
    <package name="components.molecules.BannerContent">
      <metrics statements="2" coveredstatements="2" conditionals="0" coveredconditionals="0" methods="1" coveredmethods="1"/>
      <file name="BannerContent.tsx" path="/home/sreek/Music/blinkist_final/src/components/molecules/BannerContent/BannerContent.tsx">
        <metrics statements="2" coveredstatements="2" conditionals="0" coveredconditionals="0" methods="1" coveredmethods="1"/>
        <line num="5" count="3" type="stmt"/>
        <line num="6" count="3" type="stmt"/>
      </file>
    </package>
    <package name="components.molecules.BookCard.AddToLibrary">
      <metrics statements="3" coveredstatements="3" conditionals="0" coveredconditionals="0" methods="2" coveredmethods="2"/>
      <file name="AddToLibrary.tsx" path="/home/sreek/Music/blinkist_final/src/components/molecules/BookCard/AddToLibrary/AddToLibrary.tsx">
        <metrics statements="3" coveredstatements="3" conditionals="0" coveredconditionals="0" methods="2" coveredmethods="2"/>
        <line num="10" count="38" type="stmt"/>
        <line num="11" count="38" type="stmt"/>
        <line num="15" count="1" type="stmt"/>
      </file>
    </package>
    <package name="components.molecules.BookCard.DefaultBook">
      <metrics statements="1" coveredstatements="1" conditionals="4" coveredconditionals="4" methods="1" coveredmethods="1"/>
      <file name="DefaultBookCard.tsx" path="/home/sreek/Music/blinkist_final/src/components/molecules/BookCard/DefaultBook/DefaultBookCard.tsx">
        <metrics statements="1" coveredstatements="1" conditionals="4" coveredconditionals="4" methods="1" coveredmethods="1"/>
        <line num="22" count="55" type="stmt"/>
      </file>
    </package>
    <package name="components.molecules.BookCard.ReadingBook">
      <metrics statements="1" coveredstatements="1" conditionals="0" coveredconditionals="0" methods="1" coveredmethods="1"/>
      <file name="ReadingBook.tsx" path="/home/sreek/Music/blinkist_final/src/components/molecules/BookCard/ReadingBook/ReadingBook.tsx">
        <metrics statements="1" coveredstatements="1" conditionals="0" coveredconditionals="0" methods="1" coveredmethods="1"/>
        <line num="14" count="52" type="stmt"/>
      </file>
    </package>
    <package name="components.molecules.BookDetailPage">
      <metrics statements="3" coveredstatements="3" conditionals="0" coveredconditionals="0" methods="2" coveredmethods="2"/>
      <file name="BookDetailPage.tsx" path="/home/sreek/Music/blinkist_final/src/components/molecules/BookDetailPage/BookDetailPage.tsx">
        <metrics statements="3" coveredstatements="3" conditionals="0" coveredconditionals="0" methods="2" coveredmethods="2"/>
        <line num="12" count="7" type="stmt"/>
        <line num="13" count="7" type="stmt"/>
        <line num="48" count="1" type="stmt"/>
      </file>
    </package>
    <package name="components.molecules.BookReads">
      <metrics statements="2" coveredstatements="2" conditionals="0" coveredconditionals="0" methods="1" coveredmethods="1"/>
      <file name="BookReads.tsx" path="/home/sreek/Music/blinkist_final/src/components/molecules/BookReads/BookReads.tsx">
        <metrics statements="2" coveredstatements="2" conditionals="0" coveredconditionals="0" methods="1" coveredmethods="1"/>
        <line num="12" count="21" type="stmt"/>
        <line num="13" count="21" type="stmt"/>
      </file>
    </package>
    <package name="components.molecules.DisplayTime">
      <metrics statements="2" coveredstatements="2" conditionals="0" coveredconditionals="0" methods="1" coveredmethods="1"/>
      <file name="DisplayTime.tsx" path="/home/sreek/Music/blinkist_final/src/components/molecules/DisplayTime/DisplayTime.tsx">
        <metrics statements="2" coveredstatements="2" conditionals="0" coveredconditionals="0" methods="1" coveredmethods="1"/>
        <line num="11" count="63" type="stmt"/>
        <line num="12" count="63" type="stmt"/>
      </file>
    </package>
    <package name="components.molecules.ExploreHeader">
      <metrics statements="2" coveredstatements="2" conditionals="0" coveredconditionals="0" methods="1" coveredmethods="1"/>
      <file name="ExploreHeader.tsx" path="/home/sreek/Music/blinkist_final/src/components/molecules/ExploreHeader/ExploreHeader.tsx">
        <metrics statements="2" coveredstatements="2" conditionals="0" coveredconditionals="0" methods="1" coveredmethods="1"/>
        <line num="4" count="7" type="stmt"/>
        <line num="5" count="9" type="stmt"/>
      </file>
    </package>
    <package name="components.molecules.ExploreMenu">
      <metrics statements="3" coveredstatements="3" conditionals="0" coveredconditionals="0" methods="2" coveredmethods="2"/>
      <file name="ExploreMenuItem.tsx" path="/home/sreek/Music/blinkist_final/src/components/molecules/ExploreMenu/ExploreMenuItem.tsx">
        <metrics statements="3" coveredstatements="3" conditionals="0" coveredconditionals="0" methods="2" coveredmethods="2"/>
        <line num="12" count="146" type="stmt"/>
        <line num="13" count="146" type="stmt"/>
        <line num="17" count="1" type="stmt"/>
      </file>
    </package>
    <package name="components.molecules.FinishedButton">
      <metrics statements="3" coveredstatements="3" conditionals="0" coveredconditionals="0" methods="2" coveredmethods="2"/>
      <file name="Finished.tsx" path="/home/sreek/Music/blinkist_final/src/components/molecules/FinishedButton/Finished.tsx">
        <metrics statements="3" coveredstatements="3" conditionals="0" coveredconditionals="0" methods="2" coveredmethods="2"/>
        <line num="9" count="3" type="stmt"/>
        <line num="10" count="14" type="stmt"/>
        <line num="21" count="1" type="stmt"/>
      </file>
    </package>
    <package name="components.molecules.Footer.NavLinks1">
      <metrics statements="4" coveredstatements="4" conditionals="0" coveredconditionals="0" methods="2" coveredmethods="2"/>
      <file name="NavLinks1.tsx" path="/home/sreek/Music/blinkist_final/src/components/molecules/Footer/NavLinks1/NavLinks1.tsx">
        <metrics statements="4" coveredstatements="4" conditionals="0" coveredconditionals="0" methods="2" coveredmethods="2"/>
        <line num="6" count="6" type="stmt"/>
        <line num="13" count="6" type="stmt"/>
        <line num="14" count="6" type="stmt"/>
        <line num="20" count="24" type="stmt"/>
      </file>
    </package>
    <package name="components.molecules.Footer.NavLinks2">
      <metrics statements="4" coveredstatements="4" conditionals="0" coveredconditionals="0" methods="2" coveredmethods="2"/>
      <file name="NavLinks2.tsx" path="/home/sreek/Music/blinkist_final/src/components/molecules/Footer/NavLinks2/NavLinks2.tsx">
        <metrics statements="4" coveredstatements="4" conditionals="0" coveredconditionals="0" methods="2" coveredmethods="2"/>
        <line num="6" count="6" type="stmt"/>
        <line num="14" count="6" type="stmt"/>
        <line num="15" count="6" type="stmt"/>
        <line num="21" count="30" type="stmt"/>
      </file>
    </package>
    <package name="components.molecules.Footer.NavLinks3">
      <metrics statements="4" coveredstatements="4" conditionals="0" coveredconditionals="0" methods="2" coveredmethods="2"/>
      <file name="NavLinks3.tsx" path="/home/sreek/Music/blinkist_final/src/components/molecules/Footer/NavLinks3/NavLinks3.tsx">
        <metrics statements="4" coveredstatements="4" conditionals="0" coveredconditionals="0" methods="2" coveredmethods="2"/>
        <line num="6" count="6" type="stmt"/>
        <line num="8" count="6" type="stmt"/>
        <line num="9" count="6" type="stmt"/>
        <line num="22" count="24" type="stmt"/>
      </file>
    </package>
    <package name="components.molecules.FullBanner">
      <metrics statements="3" coveredstatements="3" conditionals="0" coveredconditionals="0" methods="1" coveredmethods="1"/>
      <file name="FullBanner.tsx" path="/home/sreek/Music/blinkist_final/src/components/molecules/FullBanner/FullBanner.tsx">
        <metrics statements="3" coveredstatements="3" conditionals="0" coveredconditionals="0" methods="1" coveredmethods="1"/>
        <line num="7" count="2" type="stmt"/>
        <line num="8" count="2" type="stmt"/>
        <line num="9" count="2" type="stmt"/>
      </file>
    </package>
    <package name="components.molecules.MyLibraryToggle">
      <metrics statements="8" coveredstatements="8" conditionals="9" coveredconditionals="8" methods="3" coveredmethods="3"/>
      <file name="MyLibraryToggle.tsx" path="/home/sreek/Music/blinkist_final/src/components/molecules/MyLibraryToggle/MyLibraryToggle.tsx">
        <metrics statements="8" coveredstatements="8" conditionals="9" coveredconditionals="8" methods="3" coveredmethods="3"/>
        <line num="12" count="6" type="stmt"/>
        <line num="13" count="6" type="stmt"/>
        <line num="14" count="6" type="stmt"/>
        <line num="16" count="6" type="stmt"/>
        <line num="28" count="1" type="stmt"/>
        <line num="29" count="1" type="stmt"/>
        <line num="45" count="1" type="stmt"/>
        <line num="46" count="1" type="stmt"/>
      </file>
    </package>
    <package name="components.molecules.ReadAgainButton">
      <metrics statements="4" coveredstatements="4" conditionals="0" coveredconditionals="0" methods="2" coveredmethods="2"/>
      <file name="ReadAgain.tsx" path="/home/sreek/Music/blinkist_final/src/components/molecules/ReadAgainButton/ReadAgain.tsx">
        <metrics statements="4" coveredstatements="4" conditionals="0" coveredconditionals="0" methods="2" coveredmethods="2"/>
        <line num="9" count="2" type="stmt"/>
        <line num="10" count="5" type="stmt"/>
        <line num="22" count="1" type="stmt"/>
        <line num="23" count="1" type="stmt"/>
      </file>
    </package>
    <package name="components.molecules.SearchBar">
      <metrics statements="3" coveredstatements="3" conditionals="0" coveredconditionals="0" methods="1" coveredmethods="1"/>
      <file name="SearchBar.tsx" path="/home/sreek/Music/blinkist_final/src/components/molecules/SearchBar/SearchBar.tsx">
        <metrics statements="3" coveredstatements="3" conditionals="0" coveredconditionals="0" methods="1" coveredmethods="1"/>
        <line num="5" count="2" type="stmt"/>
        <line num="6" count="3" type="stmt"/>
        <line num="7" count="3" type="stmt"/>
      </file>
    </package>
    <package name="components.molecules.ToggleTabs">
      <metrics statements="5" coveredstatements="5" conditionals="6" coveredconditionals="5" methods="4" coveredmethods="4"/>
      <file name="ToggleTabs.tsx" path="/home/sreek/Music/blinkist_final/src/components/molecules/ToggleTabs/ToggleTabs.tsx">
        <metrics statements="5" coveredstatements="5" conditionals="6" coveredconditionals="5" methods="4" coveredmethods="4"/>
        <line num="12" count="8" type="stmt"/>
        <line num="14" count="8" type="stmt"/>
        <line num="18" count="1" type="stmt"/>
        <line num="27" count="1" type="stmt"/>
        <line num="34" count="1" type="stmt"/>
      </file>
    </package>
    <package name="components.molecules.UserAvatar">
      <metrics statements="6" coveredstatements="6" conditionals="2" coveredconditionals="2" methods="3" coveredmethods="3"/>
      <file name="UserAvatar.tsx" path="/home/sreek/Music/blinkist_final/src/components/molecules/UserAvatar/UserAvatar.tsx">
        <metrics statements="6" coveredstatements="6" conditionals="2" coveredconditionals="2" methods="3" coveredmethods="3"/>
        <line num="13" count="10" type="stmt"/>
        <line num="14" count="10" type="stmt"/>
        <line num="15" count="10" type="stmt"/>
        <line num="19" count="3" type="stmt"/>
        <line num="36" count="1" type="stmt"/>
        <line num="37" count="1" type="stmt"/>
      </file>
    </package>
    <package name="components.organisms.BookDetailPage">
      <metrics statements="4" coveredstatements="3" conditionals="4" coveredconditionals="1" methods="2" coveredmethods="1"/>
      <file name="BookDetailPage.tsx" path="/home/sreek/Music/blinkist_final/src/components/organisms/BookDetailPage/BookDetailPage.tsx">
        <metrics statements="4" coveredstatements="3" conditionals="4" coveredconditionals="1" methods="2" coveredmethods="1"/>
        <line num="10" count="4" type="stmt"/>
        <line num="15" count="4" type="stmt"/>
        <line num="22" count="4" type="stmt"/>
        <line num="40" count="0" type="stmt"/>
      </file>
    </package>
    <package name="components.organisms.BookGrid">
      <metrics statements="3" coveredstatements="3" conditionals="0" coveredconditionals="0" methods="2" coveredmethods="2"/>
      <file name="BookGrid.tsx" path="/home/sreek/Music/blinkist_final/src/components/organisms/BookGrid/BookGrid.tsx">
        <metrics statements="3" coveredstatements="3" conditionals="0" coveredconditionals="0" methods="2" coveredmethods="2"/>
        <line num="18" count="29" type="stmt"/>
        <line num="19" count="51" type="stmt"/>
        <line num="34" count="29" type="stmt"/>
      </file>
    </package>
    <package name="components.organisms.CurrentlyReading">
      <metrics statements="18" coveredstatements="7" conditionals="0" coveredconditionals="0" methods="9" coveredmethods="3"/>
      <file name="CurrentlyReading.tsx" path="/home/sreek/Music/blinkist_final/src/components/organisms/CurrentlyReading/CurrentlyReading.tsx">
        <metrics statements="18" coveredstatements="7" conditionals="0" coveredconditionals="0" methods="9" coveredmethods="3"/>
        <line num="15" count="2" type="stmt"/>
        <line num="16" count="2" type="stmt"/>
        <line num="17" count="1" type="stmt"/>
        <line num="19" count="1" type="stmt"/>
        <line num="20" count="1" type="stmt"/>
        <line num="23" count="2" type="stmt"/>
        <line num="24" count="0" type="stmt"/>
        <line num="25" count="0" type="stmt"/>
        <line num="28" count="0" type="stmt"/>
        <line num="30" count="0" type="stmt"/>
        <line num="31" count="0" type="stmt"/>
        <line num="34" count="0" type="stmt"/>
        <line num="35" count="0" type="stmt"/>
        <line num="36" count="0" type="stmt"/>
        <line num="39" count="0" type="stmt"/>
        <line num="41" count="0" type="stmt"/>
        <line num="44" count="0" type="stmt"/>
        <line num="49" count="2" type="stmt"/>
      </file>
    </package>
    <package name="components.organisms.Entrepreneurship">
      <metrics statements="22" coveredstatements="21" conditionals="0" coveredconditionals="0" methods="8" coveredmethods="7"/>
      <file name="Entrepreneurship.tsx" path="/home/sreek/Music/blinkist_final/src/components/organisms/Entrepreneurship/Entrepreneurship.tsx">
        <metrics statements="22" coveredstatements="21" conditionals="0" coveredconditionals="0" methods="8" coveredmethods="7"/>
        <line num="11" count="10" type="stmt"/>
        <line num="13" count="8" type="stmt"/>
        <line num="14" count="0" type="stmt"/>
        <line num="17" count="8" type="stmt"/>
        <line num="18" count="8" type="stmt"/>
        <line num="19" count="2" type="stmt"/>
        <line num="20" count="2" type="stmt"/>
        <line num="21" count="2" type="stmt"/>
        <line num="22" count="2" type="stmt"/>
        <line num="25" count="8" type="stmt"/>
        <line num="26" count="8" type="stmt"/>
        <line num="27" count="2" type="stmt"/>
        <line num="28" count="2" type="stmt"/>
        <line num="29" count="2" type="stmt"/>
        <line num="30" count="2" type="stmt"/>
        <line num="33" count="8" type="stmt"/>
        <line num="34" count="8" type="stmt"/>
        <line num="35" count="2" type="stmt"/>
        <line num="36" count="2" type="stmt"/>
        <line num="37" count="2" type="stmt"/>
        <line num="38" count="2" type="stmt"/>
        <line num="43" count="8" type="stmt"/>
      </file>
    </package>
    <package name="components.organisms.ExploreCard">
      <metrics statements="6" coveredstatements="6" conditionals="0" coveredconditionals="0" methods="3" coveredmethods="3"/>
      <file name="ExploreCard.tsx" path="/home/sreek/Music/blinkist_final/src/components/organisms/ExploreCard/ExploreCard.tsx">
        <metrics statements="6" coveredstatements="6" conditionals="0" coveredconditionals="0" methods="3" coveredmethods="3"/>
        <line num="25" count="6" type="stmt"/>
        <line num="50" count="6" type="stmt"/>
        <line num="51" count="14" type="stmt"/>
        <line num="52" count="150" type="stmt"/>
        <line num="61" count="8" type="stmt"/>
        <line num="78" count="144" type="stmt"/>
      </file>
    </package>
    <package name="components.organisms.FinishedReading">
      <metrics statements="18" coveredstatements="7" conditionals="0" coveredconditionals="0" methods="9" coveredmethods="3"/>
      <file name="FinishedReading.tsx" path="/home/sreek/Music/blinkist_final/src/components/organisms/FinishedReading/FinishedReading.tsx">
        <metrics statements="18" coveredstatements="7" conditionals="0" coveredconditionals="0" methods="9" coveredmethods="3"/>
        <line num="14" count="2" type="stmt"/>
        <line num="16" count="2" type="stmt"/>
        <line num="17" count="1" type="stmt"/>
        <line num="19" count="1" type="stmt"/>
        <line num="20" count="1" type="stmt"/>
        <line num="24" count="2" type="stmt"/>
        <line num="25" count="0" type="stmt"/>
        <line num="26" count="0" type="stmt"/>
        <line num="28" count="0" type="stmt"/>
        <line num="29" count="0" type="stmt"/>
        <line num="30" count="0" type="stmt"/>
        <line num="32" count="0" type="stmt"/>
        <line num="35" count="0" type="stmt"/>
        <line num="36" count="0" type="stmt"/>
        <line num="39" count="0" type="stmt"/>
        <line num="42" count="0" type="stmt"/>
        <line num="45" count="0" type="stmt"/>
        <line num="49" count="2" type="stmt"/>
      </file>
    </package>
    <package name="components.organisms.Footer">
      <metrics statements="1" coveredstatements="1" conditionals="0" coveredconditionals="0" methods="1" coveredmethods="1"/>
      <file name="Footer.tsx" path="/home/sreek/Music/blinkist_final/src/components/organisms/Footer/Footer.tsx">
        <metrics statements="1" coveredstatements="1" conditionals="0" coveredconditionals="0" methods="1" coveredmethods="1"/>
        <line num="10" count="5" type="stmt"/>
      </file>
    </package>
    <package name="components.organisms.Header">
      <metrics statements="9" coveredstatements="5" conditionals="2" coveredconditionals="1" methods="5" coveredmethods="1"/>
      <file name="Headers.tsx" path="/home/sreek/Music/blinkist_final/src/components/organisms/Header/Headers.tsx">
        <metrics statements="9" coveredstatements="5" conditionals="2" coveredconditionals="1" methods="5" coveredmethods="1"/>
        <line num="13" count="12" type="stmt"/>
        <line num="14" count="7" type="stmt"/>
        <line num="15" count="7" type="stmt"/>
        <line num="16" count="7" type="stmt"/>
        <line num="17" count="7" type="stmt"/>
        <line num="37" count="0" type="stmt"/>
        <line num="44" count="0" type="stmt"/>
        <line num="51" count="0" type="stmt"/>
        <line num="61" count="0" type="stmt"/>
      </file>
    </package>
    <package name="components.pages.AuthPage">
      <metrics statements="4" coveredstatements="4" conditionals="0" coveredconditionals="0" methods="3" coveredmethods="3"/>
      <file name="AuthPage.tsx" path="/home/sreek/Music/blinkist_final/src/components/pages/AuthPage/AuthPage.tsx">
        <metrics statements="4" coveredstatements="4" conditionals="0" coveredconditionals="0" methods="3" coveredmethods="3"/>
        <line num="8" count="3" type="stmt"/>
        <line num="9" count="3" type="stmt"/>
        <line num="35" count="1" type="stmt"/>
        <line num="43" count="1" type="stmt"/>
      </file>
    </package>
    <package name="components.pages.BookDetailPage">
      <metrics statements="1" coveredstatements="1" conditionals="0" coveredconditionals="0" methods="1" coveredmethods="1"/>
      <file name="BookDetailsPage.tsx" path="/home/sreek/Music/blinkist_final/src/components/pages/BookDetailPage/BookDetailsPage.tsx">
        <metrics statements="1" coveredstatements="1" conditionals="0" coveredconditionals="0" methods="1" coveredmethods="1"/>
        <line num="9" count="2" type="stmt"/>
      </file>
    </package>
    <package name="components.pages.EntrepreneurPage">
      <metrics statements="1" coveredstatements="1" conditionals="0" coveredconditionals="0" methods="1" coveredmethods="1"/>
      <file name="Entrepreneur.tsx" path="/home/sreek/Music/blinkist_final/src/components/pages/EntrepreneurPage/Entrepreneur.tsx">
        <metrics statements="1" coveredstatements="1" conditionals="0" coveredconditionals="0" methods="1" coveredmethods="1"/>
        <line num="12" count="2" type="stmt"/>
      </file>
    </package>
    <package name="components.pages.MyLibraryPage">
      <metrics statements="5" coveredstatements="3" conditionals="0" coveredconditionals="0" methods="3" coveredmethods="1"/>
      <file name="Library.tsx" path="/home/sreek/Music/blinkist_final/src/components/pages/MyLibraryPage/Library.tsx">
        <metrics statements="5" coveredstatements="3" conditionals="0" coveredconditionals="0" methods="3" coveredmethods="1"/>
        <line num="13" count="2" type="stmt"/>
        <line num="14" count="1" type="stmt"/>
        <line num="16" count="0" type="stmt"/>
        <line num="18" count="1" type="stmt"/>
        <line num="29" count="0" type="stmt"/>
      </file>
    </package>
    <package name="components.template.TemplatePage">
      <metrics statements="1" coveredstatements="1" conditionals="0" coveredconditionals="0" methods="1" coveredmethods="1"/>
      <file name="templatePage.tsx" path="/home/sreek/Music/blinkist_final/src/components/template/TemplatePage/templatePage.tsx">
        <metrics statements="1" coveredstatements="1" conditionals="0" coveredconditionals="0" methods="1" coveredmethods="1"/>
        <line num="11" count="8" type="stmt"/>
      </file>
    </package>
    <package name="theme">
      <metrics statements="2" coveredstatements="2" conditionals="0" coveredconditionals="0" methods="0" coveredmethods="0"/>
      <file name="index.tsx" path="/home/sreek/Music/blinkist_final/src/theme/index.tsx">
        <metrics statements="2" coveredstatements="2" conditionals="0" coveredconditionals="0" methods="0" coveredmethods="0"/>
        <line num="37" count="24" type="stmt"/>
        <line num="84" count="24" type="stmt"/>
      </file>
    </package>
  </project>
</coverage>
