{"/home/sreek/Music/blinkist_final/src/components/db.tsx": {"path":"/home/sreek/Music/blinkist_final/src/components/db.tsx","statementMap":{"0":{"start":{"line":7,"column":6},"end":{"line":80,"column":1}},"1":{"start":{"line":87,"column":6},"end":{"line":127,"column":1}},"2":{"start":{"line":134,"column":6},"end":{"line":155,"column":1}},"3":{"start":{"line":162,"column":6},"end":{"line":185,"column":1}},"4":{"start":{"line":186,"column":22},"end":{"line":202,"column":1}}},"fnMap":{},"branchMap":{},"s":{"0":1,"1":1,"2":1,"3":1,"4":1},"f":{},"b":{},"_coverageSchema":"1a1c01bbd47fc00a2c39e90264f33305004495a9","hash":"9a0920e90b92f528fa895631ff232074b462b9dd"}
,"/home/sreek/Music/blinkist_final/src/components/atoms/AuthorName/AuthorName.tsx": {"path":"/home/sreek/Music/blinkist_final/src/components/atoms/AuthorName/AuthorName.tsx","statementMap":{"0":{"start":{"line":10,"column":2},"end":{"line":14,"column":4}}},"fnMap":{"0":{"name":"AuthorName","decl":{"start":{"line":9,"column":24},"end":{"line":9,"column":34}},"loc":{"start":{"line":9,"column":56},"end":{"line":15,"column":1}},"line":9}},"branchMap":{},"s":{"0":63},"f":{"0":63},"b":{},"_coverageSchema":"1a1c01bbd47fc00a2c39e90264f33305004495a9","hash":"8ef2b982db88674ecff6193172f6f118b620d365"}
,"/home/sreek/Music/blinkist_final/src/components/atoms/BannerContent/BannerContent.tsx": {"path":"/home/sreek/Music/blinkist_final/src/components/atoms/BannerContent/BannerContent.tsx","statementMap":{"0":{"start":{"line":4,"column":22},"end":{"line":11,"column":1}},"1":{"start":{"line":5,"column":2},"end":{"line":10,"column":4}}},"fnMap":{"0":{"name":"(anonymous_0)","decl":{"start":{"line":4,"column":22},"end":{"line":4,"column":23}},"loc":{"start":{"line":4,"column":28},"end":{"line":11,"column":1}},"line":4}},"branchMap":{},"s":{"0":4,"1":4},"f":{"0":4},"b":{},"_coverageSchema":"1a1c01bbd47fc00a2c39e90264f33305004495a9","hash":"09125c36c0ecc1b2cc0ecd6762ca11fdca94900b"}
,"/home/sreek/Music/blinkist_final/src/components/atoms/BannerTitle/BannerTitle.tsx": {"path":"/home/sreek/Music/blinkist_final/src/components/atoms/BannerTitle/BannerTitle.tsx","statementMap":{"0":{"start":{"line":4,"column":20},"end":{"line":10,"column":1}},"1":{"start":{"line":5,"column":2},"end":{"line":9,"column":4}}},"fnMap":{"0":{"name":"(anonymous_0)","decl":{"start":{"line":4,"column":20},"end":{"line":4,"column":21}},"loc":{"start":{"line":4,"column":26},"end":{"line":10,"column":1}},"line":4}},"branchMap":{},"s":{"0":4,"1":4},"f":{"0":4},"b":{},"_coverageSchema":"1a1c01bbd47fc00a2c39e90264f33305004495a9","hash":"70825d4636e0d8b02ef596e0361a4cb37db37c38"}
,"/home/sreek/Music/blinkist_final/src/components/atoms/BookReadTime/BookReadTime.tsx": {"path":"/home/sreek/Music/blinkist_final/src/components/atoms/BookReadTime/BookReadTime.tsx","statementMap":{"0":{"start":{"line":10,"column":2},"end":{"line":17,"column":4}}},"fnMap":{"0":{"name":"BookReadTime","decl":{"start":{"line":9,"column":24},"end":{"line":9,"column":36}},"loc":{"start":{"line":9,"column":57},"end":{"line":18,"column":1}},"line":9}},"branchMap":{},"s":{"0":85},"f":{"0":85},"b":{},"_coverageSchema":"1a1c01bbd47fc00a2c39e90264f33305004495a9","hash":"4aa88ec96eb3ef49297479ec14cbb82d0f980329"}
,"/home/sreek/Music/blinkist_final/src/components/atoms/BookTitle/BookTitle.tsx": {"path":"/home/sreek/Music/blinkist_final/src/components/atoms/BookTitle/BookTitle.tsx","statementMap":{"0":{"start":{"line":10,"column":2},"end":{"line":14,"column":4}}},"fnMap":{"0":{"name":"BookTitle","decl":{"start":{"line":9,"column":24},"end":{"line":9,"column":33}},"loc":{"start":{"line":9,"column":58},"end":{"line":15,"column":1}},"line":9}},"branchMap":{},"s":{"0":56},"f":{"0":56},"b":{},"_coverageSchema":"1a1c01bbd47fc00a2c39e90264f33305004495a9","hash":"281e7c45b8fa0dc67fcca7dfc512889c5d58b6ca"}
,"/home/sreek/Music/blinkist_final/src/components/atoms/Footer/BlinkWithTag/BlinkWithTag.tsx": {"path":"/home/sreek/Music/blinkist_final/src/components/atoms/Footer/BlinkWithTag/BlinkWithTag.tsx","statementMap":{"0":{"start":{"line":5,"column":21},"end":{"line":25,"column":1}},"1":{"start":{"line":6,"column":2},"end":{"line":24,"column":4}}},"fnMap":{"0":{"name":"(anonymous_0)","decl":{"start":{"line":5,"column":21},"end":{"line":5,"column":22}},"loc":{"start":{"line":5,"column":27},"end":{"line":25,"column":1}},"line":5}},"branchMap":{},"s":{"0":6,"1":6},"f":{"0":6},"b":{},"_coverageSchema":"1a1c01bbd47fc00a2c39e90264f33305004495a9","hash":"c88652a02a5fdfd020cca46cab1c6e5e414cd436"}
,"/home/sreek/Music/blinkist_final/src/components/atoms/Footer/CopyRight/CopyRight.tsx": {"path":"/home/sreek/Music/blinkist_final/src/components/atoms/Footer/CopyRight/CopyRight.tsx","statementMap":{"0":{"start":{"line":4,"column":18},"end":{"line":10,"column":1}},"1":{"start":{"line":5,"column":2},"end":{"line":9,"column":4}}},"fnMap":{"0":{"name":"(anonymous_0)","decl":{"start":{"line":4,"column":18},"end":{"line":4,"column":19}},"loc":{"start":{"line":4,"column":24},"end":{"line":10,"column":1}},"line":4}},"branchMap":{},"s":{"0":6,"1":6},"f":{"0":6},"b":{},"_coverageSchema":"1a1c01bbd47fc00a2c39e90264f33305004495a9","hash":"e97fb7128c1f8452faa6d3ce06fceceff6ccb89e"}
,"/home/sreek/Music/blinkist_final/src/components/atoms/Footer/Nav/NavHead/NavHead.tsx": {"path":"/home/sreek/Music/blinkist_final/src/components/atoms/Footer/Nav/NavHead/NavHead.tsx","statementMap":{"0":{"start":{"line":8,"column":16},"end":{"line":16,"column":1}},"1":{"start":{"line":9,"column":2},"end":{"line":15,"column":4}}},"fnMap":{"0":{"name":"(anonymous_0)","decl":{"start":{"line":8,"column":16},"end":{"line":8,"column":17}},"loc":{"start":{"line":8,"column":40},"end":{"line":16,"column":1}},"line":8}},"branchMap":{},"s":{"0":9,"1":19},"f":{"0":19},"b":{},"_coverageSchema":"1a1c01bbd47fc00a2c39e90264f33305004495a9","hash":"1924869b1b18b145263162da62e363e8c8f51abf"}
,"/home/sreek/Music/blinkist_final/src/components/atoms/Footer/Nav/NavItems/NavItems.tsx": {"path":"/home/sreek/Music/blinkist_final/src/components/atoms/Footer/Nav/NavItems/NavItems.tsx","statementMap":{"0":{"start":{"line":9,"column":16},"end":{"line":22,"column":1}},"1":{"start":{"line":10,"column":2},"end":{"line":21,"column":4}}},"fnMap":{"0":{"name":"(anonymous_0)","decl":{"start":{"line":9,"column":16},"end":{"line":9,"column":17}},"loc":{"start":{"line":9,"column":40},"end":{"line":22,"column":1}},"line":9}},"branchMap":{},"s":{"0":9,"1":79},"f":{"0":79},"b":{},"_coverageSchema":"1a1c01bbd47fc00a2c39e90264f33305004495a9","hash":"8b2f9e4097d9b2e27bdfbfe2e771ba9e0cffd331"}
,"/home/sreek/Music/blinkist_final/src/components/atoms/Footer/Tagline/Tagline.tsx": {"path":"/home/sreek/Music/blinkist_final/src/components/atoms/Footer/Tagline/Tagline.tsx","statementMap":{"0":{"start":{"line":4,"column":16},"end":{"line":12,"column":1}},"1":{"start":{"line":5,"column":2},"end":{"line":11,"column":4}}},"fnMap":{"0":{"name":"(anonymous_0)","decl":{"start":{"line":4,"column":16},"end":{"line":4,"column":17}},"loc":{"start":{"line":4,"column":22},"end":{"line":12,"column":1}},"line":4}},"branchMap":{},"s":{"0":7,"1":7},"f":{"0":7},"b":{},"_coverageSchema":"1a1c01bbd47fc00a2c39e90264f33305004495a9","hash":"89f754c1892f3b541ae989bac1737498b6a7b180"}
,"/home/sreek/Music/blinkist_final/src/components/atoms/Header/UserLogin/User.tsx": {"path":"/home/sreek/Music/blinkist_final/src/components/atoms/Header/UserLogin/User.tsx","statementMap":{"0":{"start":{"line":5,"column":2},"end":{"line":5,"column":78}}},"fnMap":{"0":{"name":"User","decl":{"start":{"line":4,"column":24},"end":{"line":4,"column":28}},"loc":{"start":{"line":4,"column":31},"end":{"line":6,"column":1}},"line":4}},"branchMap":{},"s":{"0":11},"f":{"0":11},"b":{},"_coverageSchema":"1a1c01bbd47fc00a2c39e90264f33305004495a9","hash":"b50f164732b6253df97632027d238b4751e8674a"}
,"/home/sreek/Music/blinkist_final/src/components/atoms/Link/Default/DefaultLink.tsx": {"path":"/home/sreek/Music/blinkist_final/src/components/atoms/Link/Default/DefaultLink.tsx","statementMap":{"0":{"start":{"line":12,"column":32},"end":{"line":12,"column":37}},"1":{"start":{"line":13,"column":2},"end":{"line":17,"column":4}}},"fnMap":{"0":{"name":"DefaultLink","decl":{"start":{"line":11,"column":24},"end":{"line":11,"column":35}},"loc":{"start":{"line":11,"column":62},"end":{"line":18,"column":1}},"line":11}},"branchMap":{},"s":{"0":9,"1":8},"f":{"0":9},"b":{},"_coverageSchema":"1a1c01bbd47fc00a2c39e90264f33305004495a9","hash":"f8713f4aec41e9330f73e6429e9c4bdcc15c1ad1"}
,"/home/sreek/Music/blinkist_final/src/components/atoms/Link/withIcon/WithIcon.tsx": {"path":"/home/sreek/Music/blinkist_final/src/components/atoms/Link/withIcon/WithIcon.tsx","statementMap":{"0":{"start":{"line":12,"column":41},"end":{"line":12,"column":46}},"1":{"start":{"line":13,"column":2},"end":{"line":33,"column":4}},"2":{"start":{"line":21,"column":10},"end":{"line":21,"column":31}}},"fnMap":{"0":{"name":"WithIcon","decl":{"start":{"line":11,"column":24},"end":{"line":11,"column":32}},"loc":{"start":{"line":11,"column":57},"end":{"line":34,"column":1}},"line":11},"1":{"name":"(anonymous_1)","decl":{"start":{"line":20,"column":17},"end":{"line":20,"column":18}},"loc":{"start":{"line":20,"column":23},"end":{"line":22,"column":9}},"line":20}},"branchMap":{"0":{"loc":{"start":{"line":26,"column":9},"end":{"line":30,"column":9}},"type":"cond-expr","locations":[{"start":{"line":27,"column":11},"end":{"line":27,"column":68}},{"start":{"line":29,"column":13},"end":{"line":29,"column":76}}],"line":26}},"s":{"0":16,"1":10,"2":1},"f":{"0":16,"1":1},"b":{"0":[1,9]},"_coverageSchema":"1a1c01bbd47fc00a2c39e90264f33305004495a9","hash":"e6508ff6dd4222b7dfcd9491387679f138a58ebb"}
,"/home/sreek/Music/blinkist_final/src/components/atoms/MyLibrary/MyLibrary.tsx": {"path":"/home/sreek/Music/blinkist_final/src/components/atoms/MyLibrary/MyLibrary.tsx","statementMap":{"0":{"start":{"line":11,"column":18},"end":{"line":11,"column":29}},"1":{"start":{"line":12,"column":2},"end":{"line":18,"column":4}}},"fnMap":{"0":{"name":"MyLibrary","decl":{"start":{"line":10,"column":24},"end":{"line":10,"column":33}},"loc":{"start":{"line":10,"column":52},"end":{"line":19,"column":1}},"line":10}},"branchMap":{},"s":{"0":26,"1":26},"f":{"0":26},"b":{},"_coverageSchema":"1a1c01bbd47fc00a2c39e90264f33305004495a9","hash":"027d289c5971b8e854b3a0ea597254fd35120bd5"}
,"/home/sreek/Music/blinkist_final/src/components/atoms/PersonIcon/PersonIcon.tsx": {"path":"/home/sreek/Music/blinkist_final/src/components/atoms/PersonIcon/PersonIcon.tsx","statementMap":{"0":{"start":{"line":5,"column":2},"end":{"line":5,"column":66}}},"fnMap":{"0":{"name":"PersonIcon","decl":{"start":{"line":4,"column":24},"end":{"line":4,"column":34}},"loc":{"start":{"line":4,"column":37},"end":{"line":6,"column":1}},"line":4}},"branchMap":{},"s":{"0":22},"f":{"0":22},"b":{},"_coverageSchema":"1a1c01bbd47fc00a2c39e90264f33305004495a9","hash":"32f958e5f2de5602cd906cbeadecc9c78e4f4edb"}
,"/home/sreek/Music/blinkist_final/src/components/atoms/Search/Search.tsx": {"path":"/home/sreek/Music/blinkist_final/src/components/atoms/Search/Search.tsx","statementMap":{"0":{"start":{"line":4,"column":40},"end":{"line":6,"column":1}},"1":{"start":{"line":5,"column":2},"end":{"line":5,"column":49}}},"fnMap":{"0":{"name":"(anonymous_0)","decl":{"start":{"line":4,"column":40},"end":{"line":4,"column":41}},"loc":{"start":{"line":4,"column":46},"end":{"line":6,"column":1}},"line":4}},"branchMap":{},"s":{"0":7,"1":11},"f":{"0":11},"b":{},"_coverageSchema":"1a1c01bbd47fc00a2c39e90264f33305004495a9","hash":"19325ca169d79027f82ce15659bd79919a6d5bab"}
,"/home/sreek/Music/blinkist_final/src/components/atoms/TimerIcon/TimerIcon.tsx": {"path":"/home/sreek/Music/blinkist_final/src/components/atoms/TimerIcon/TimerIcon.tsx","statementMap":{"0":{"start":{"line":5,"column":2},"end":{"line":10,"column":4}}},"fnMap":{"0":{"name":"TimerIcon","decl":{"start":{"line":4,"column":24},"end":{"line":4,"column":33}},"loc":{"start":{"line":4,"column":36},"end":{"line":11,"column":1}},"line":4}},"branchMap":{},"s":{"0":64},"f":{"0":64},"b":{},"_coverageSchema":"1a1c01bbd47fc00a2c39e90264f33305004495a9","hash":"62b559a35134193e8cf68b8baa9aac3da594e245"}
,"/home/sreek/Music/blinkist_final/src/components/molecules/BannerContent/BannerContent.tsx": {"path":"/home/sreek/Music/blinkist_final/src/components/molecules/BannerContent/BannerContent.tsx","statementMap":{"0":{"start":{"line":5,"column":22},"end":{"line":16,"column":1}},"1":{"start":{"line":6,"column":2},"end":{"line":15,"column":4}}},"fnMap":{"0":{"name":"(anonymous_0)","decl":{"start":{"line":5,"column":22},"end":{"line":5,"column":23}},"loc":{"start":{"line":5,"column":28},"end":{"line":16,"column":1}},"line":5}},"branchMap":{},"s":{"0":3,"1":3},"f":{"0":3},"b":{},"_coverageSchema":"1a1c01bbd47fc00a2c39e90264f33305004495a9","hash":"e1c17efa35d08fa34c7f1c8d1d8aedd8d5fed188"}
,"/home/sreek/Music/blinkist_final/src/components/molecules/BookCard/AddToLibrary/AddToLibrary.tsx": {"path":"/home/sreek/Music/blinkist_final/src/components/molecules/BookCard/AddToLibrary/AddToLibrary.tsx","statementMap":{"0":{"start":{"line":10,"column":18},"end":{"line":10,"column":29}},"1":{"start":{"line":11,"column":2},"end":{"line":20,"column":4}},"2":{"start":{"line":15,"column":21},"end":{"line":15,"column":40}}},"fnMap":{"0":{"name":"AddToLibrary","decl":{"start":{"line":9,"column":24},"end":{"line":9,"column":36}},"loc":{"start":{"line":9,"column":64},"end":{"line":21,"column":1}},"line":9},"1":{"name":"(anonymous_1)","decl":{"start":{"line":15,"column":15},"end":{"line":15,"column":16}},"loc":{"start":{"line":15,"column":21},"end":{"line":15,"column":40}},"line":15}},"branchMap":{},"s":{"0":38,"1":38,"2":1},"f":{"0":38,"1":1},"b":{},"_coverageSchema":"1a1c01bbd47fc00a2c39e90264f33305004495a9","hash":"1d9d6582ba3a8852ab8867145af0d3ab16d853db"}
,"/home/sreek/Music/blinkist_final/src/components/molecules/BookCard/DefaultBook/DefaultBookCard.tsx": {"path":"/home/sreek/Music/blinkist_final/src/components/molecules/BookCard/DefaultBook/DefaultBookCard.tsx","statementMap":{"0":{"start":{"line":22,"column":2},"end":{"line":68,"column":4}}},"fnMap":{"0":{"name":"BookCard","decl":{"start":{"line":20,"column":24},"end":{"line":20,"column":32}},"loc":{"start":{"line":20,"column":56},"end":{"line":69,"column":1}},"line":20}},"branchMap":{"0":{"loc":{"start":{"line":54,"column":24},"end":{"line":54,"column":99}},"type":"binary-expr","locations":[{"start":{"line":54,"column":24},"end":{"line":54,"column":35}},{"start":{"line":54,"column":39},"end":{"line":54,"column":99}}],"line":54},"1":{"loc":{"start":{"line":58,"column":7},"end":{"line":62,"column":7}},"type":"binary-expr","locations":[{"start":{"line":58,"column":7},"end":{"line":58,"column":42}},{"start":{"line":59,"column":8},"end":{"line":61,"column":15}}],"line":58}},"s":{"0":55},"f":{"0":55},"b":{"0":[55,20],"1":[55,54]},"_coverageSchema":"1a1c01bbd47fc00a2c39e90264f33305004495a9","hash":"20e9f4fc686e0a64847a8d6c5d9b0b4a9bb33020"}
,"/home/sreek/Music/blinkist_final/src/components/molecules/BookCard/ReadingBook/ReadingBook.tsx": {"path":"/home/sreek/Music/blinkist_final/src/components/molecules/BookCard/ReadingBook/ReadingBook.tsx","statementMap":{"0":{"start":{"line":14,"column":2},"end":{"line":18,"column":4}}},"fnMap":{"0":{"name":"ReadingBook","decl":{"start":{"line":13,"column":24},"end":{"line":13,"column":35}},"loc":{"start":{"line":13,"column":62},"end":{"line":19,"column":1}},"line":13}},"branchMap":{},"s":{"0":52},"f":{"0":52},"b":{},"_coverageSchema":"1a1c01bbd47fc00a2c39e90264f33305004495a9","hash":"0790e5acf54383e39677064db68addf7490c7d04"}
,"/home/sreek/Music/blinkist_final/src/components/molecules/BookDetailPage/BookDetailPage.tsx": {"path":"/home/sreek/Music/blinkist_final/src/components/molecules/BookDetailPage/BookDetailPage.tsx","statementMap":{"0":{"start":{"line":12,"column":19},"end":{"line":12,"column":32}},"1":{"start":{"line":13,"column":2},"end":{"line":69,"column":4}},"2":{"start":{"line":48,"column":16},"end":{"line":48,"column":45}}},"fnMap":{"0":{"name":"BookDetail","decl":{"start":{"line":11,"column":24},"end":{"line":11,"column":34}},"loc":{"start":{"line":11,"column":61},"end":{"line":70,"column":1}},"line":11},"1":{"name":"(anonymous_1)","decl":{"start":{"line":47,"column":23},"end":{"line":47,"column":24}},"loc":{"start":{"line":47,"column":35},"end":{"line":49,"column":15}},"line":47}},"branchMap":{},"s":{"0":7,"1":7,"2":1},"f":{"0":7,"1":1},"b":{},"_coverageSchema":"1a1c01bbd47fc00a2c39e90264f33305004495a9","hash":"1f49d53c79b3c9555000ca35fef90eec2cf0beed"}
,"/home/sreek/Music/blinkist_final/src/components/molecules/BookReads/BookReads.tsx": {"path":"/home/sreek/Music/blinkist_final/src/components/molecules/BookReads/BookReads.tsx","statementMap":{"0":{"start":{"line":12,"column":18},"end":{"line":12,"column":29}},"1":{"start":{"line":13,"column":2},"end":{"line":18,"column":4}}},"fnMap":{"0":{"name":"BookReads","decl":{"start":{"line":11,"column":24},"end":{"line":11,"column":33}},"loc":{"start":{"line":11,"column":53},"end":{"line":19,"column":1}},"line":11}},"branchMap":{},"s":{"0":21,"1":21},"f":{"0":21},"b":{},"_coverageSchema":"1a1c01bbd47fc00a2c39e90264f33305004495a9","hash":"ac95114f55181d2594a7ab7ea58847a72a83ab84"}
,"/home/sreek/Music/blinkist_final/src/components/molecules/DisplayTime/DisplayTime.tsx": {"path":"/home/sreek/Music/blinkist_final/src/components/molecules/DisplayTime/DisplayTime.tsx","statementMap":{"0":{"start":{"line":11,"column":18},"end":{"line":11,"column":29}},"1":{"start":{"line":12,"column":2},"end":{"line":17,"column":4}}},"fnMap":{"0":{"name":"DisplayTime","decl":{"start":{"line":10,"column":24},"end":{"line":10,"column":35}},"loc":{"start":{"line":10,"column":62},"end":{"line":18,"column":1}},"line":10}},"branchMap":{},"s":{"0":63,"1":63},"f":{"0":63},"b":{},"_coverageSchema":"1a1c01bbd47fc00a2c39e90264f33305004495a9","hash":"fdcfcacef0b5c780e61010d4fced962c6445f509"}
,"/home/sreek/Music/blinkist_final/src/components/molecules/ExploreHeader/ExploreHeader.tsx": {"path":"/home/sreek/Music/blinkist_final/src/components/molecules/ExploreHeader/ExploreHeader.tsx","statementMap":{"0":{"start":{"line":4,"column":22},"end":{"line":53,"column":1}},"1":{"start":{"line":5,"column":2},"end":{"line":52,"column":4}}},"fnMap":{"0":{"name":"(anonymous_0)","decl":{"start":{"line":4,"column":22},"end":{"line":4,"column":23}},"loc":{"start":{"line":4,"column":28},"end":{"line":53,"column":1}},"line":4}},"branchMap":{},"s":{"0":7,"1":9},"f":{"0":9},"b":{},"_coverageSchema":"1a1c01bbd47fc00a2c39e90264f33305004495a9","hash":"61dd0db071326b902e52615ab847e547b5019ba3"}
,"/home/sreek/Music/blinkist_final/src/components/molecules/ExploreMenu/ExploreMenuItem.tsx": {"path":"/home/sreek/Music/blinkist_final/src/components/molecules/ExploreMenu/ExploreMenuItem.tsx","statementMap":{"0":{"start":{"line":12,"column":18},"end":{"line":12,"column":29}},"1":{"start":{"line":13,"column":2},"end":{"line":27,"column":4}},"2":{"start":{"line":17,"column":10},"end":{"line":17,"column":31}}},"fnMap":{"0":{"name":"ExploreMenuItem","decl":{"start":{"line":11,"column":24},"end":{"line":11,"column":39}},"loc":{"start":{"line":11,"column":70},"end":{"line":28,"column":1}},"line":11},"1":{"name":"(anonymous_1)","decl":{"start":{"line":16,"column":17},"end":{"line":16,"column":18}},"loc":{"start":{"line":16,"column":23},"end":{"line":18,"column":9}},"line":16}},"branchMap":{},"s":{"0":146,"1":146,"2":1},"f":{"0":146,"1":1},"b":{},"_coverageSchema":"1a1c01bbd47fc00a2c39e90264f33305004495a9","hash":"b88758f246a599116373d37a5dc1756c097131d2"}
,"/home/sreek/Music/blinkist_final/src/components/molecules/FinishedButton/Finished.tsx": {"path":"/home/sreek/Music/blinkist_final/src/components/molecules/FinishedButton/Finished.tsx","statementMap":{"0":{"start":{"line":9,"column":24},"end":{"line":25,"column":1}},"1":{"start":{"line":10,"column":2},"end":{"line":24,"column":11}},"2":{"start":{"line":21,"column":19},"end":{"line":21,"column":46}}},"fnMap":{"0":{"name":"(anonymous_0)","decl":{"start":{"line":9,"column":24},"end":{"line":9,"column":25}},"loc":{"start":{"line":10,"column":2},"end":{"line":24,"column":11}},"line":10},"1":{"name":"(anonymous_1)","decl":{"start":{"line":21,"column":13},"end":{"line":21,"column":14}},"loc":{"start":{"line":21,"column":19},"end":{"line":21,"column":46}},"line":21}},"branchMap":{},"s":{"0":3,"1":14,"2":1},"f":{"0":14,"1":1},"b":{},"_coverageSchema":"1a1c01bbd47fc00a2c39e90264f33305004495a9","hash":"23ceed5f60d90432546ff585d00fa462f0e513fe"}
,"/home/sreek/Music/blinkist_final/src/components/molecules/Footer/NavLinks1/NavLinks1.tsx": {"path":"/home/sreek/Music/blinkist_final/src/components/molecules/Footer/NavLinks1/NavLinks1.tsx","statementMap":{"0":{"start":{"line":6,"column":13},"end":{"line":11,"column":1}},"1":{"start":{"line":13,"column":18},"end":{"line":26,"column":1}},"2":{"start":{"line":14,"column":2},"end":{"line":25,"column":4}},"3":{"start":{"line":20,"column":8},"end":{"line":22,"column":15}}},"fnMap":{"0":{"name":"(anonymous_0)","decl":{"start":{"line":13,"column":18},"end":{"line":13,"column":19}},"loc":{"start":{"line":13,"column":24},"end":{"line":26,"column":1}},"line":13},"1":{"name":"(anonymous_1)","decl":{"start":{"line":19,"column":16},"end":{"line":19,"column":17}},"loc":{"start":{"line":20,"column":8},"end":{"line":22,"column":15}},"line":20}},"branchMap":{},"s":{"0":6,"1":6,"2":6,"3":24},"f":{"0":6,"1":24},"b":{},"_coverageSchema":"1a1c01bbd47fc00a2c39e90264f33305004495a9","hash":"df4589eb5e4b67d995f40faa11eb582237234ca4"}
,"/home/sreek/Music/blinkist_final/src/components/molecules/Footer/NavLinks2/NavLinks2.tsx": {"path":"/home/sreek/Music/blinkist_final/src/components/molecules/Footer/NavLinks2/NavLinks2.tsx","statementMap":{"0":{"start":{"line":6,"column":13},"end":{"line":12,"column":1}},"1":{"start":{"line":14,"column":18},"end":{"line":27,"column":1}},"2":{"start":{"line":15,"column":2},"end":{"line":26,"column":4}},"3":{"start":{"line":21,"column":8},"end":{"line":23,"column":15}}},"fnMap":{"0":{"name":"(anonymous_0)","decl":{"start":{"line":14,"column":18},"end":{"line":14,"column":19}},"loc":{"start":{"line":14,"column":24},"end":{"line":27,"column":1}},"line":14},"1":{"name":"(anonymous_1)","decl":{"start":{"line":20,"column":16},"end":{"line":20,"column":17}},"loc":{"start":{"line":21,"column":8},"end":{"line":23,"column":15}},"line":21}},"branchMap":{},"s":{"0":6,"1":6,"2":6,"3":30},"f":{"0":6,"1":30},"b":{},"_coverageSchema":"1a1c01bbd47fc00a2c39e90264f33305004495a9","hash":"dd6a370543c47fce18dfed90ef09487a172571d2"}
,"/home/sreek/Music/blinkist_final/src/components/molecules/Footer/NavLinks3/NavLinks3.tsx": {"path":"/home/sreek/Music/blinkist_final/src/components/molecules/Footer/NavLinks3/NavLinks3.tsx","statementMap":{"0":{"start":{"line":6,"column":13},"end":{"line":6,"column":64}},"1":{"start":{"line":8,"column":18},"end":{"line":28,"column":1}},"2":{"start":{"line":9,"column":2},"end":{"line":27,"column":4}},"3":{"start":{"line":22,"column":8},"end":{"line":24,"column":15}}},"fnMap":{"0":{"name":"(anonymous_0)","decl":{"start":{"line":8,"column":18},"end":{"line":8,"column":19}},"loc":{"start":{"line":8,"column":24},"end":{"line":28,"column":1}},"line":8},"1":{"name":"(anonymous_1)","decl":{"start":{"line":21,"column":16},"end":{"line":21,"column":17}},"loc":{"start":{"line":22,"column":8},"end":{"line":24,"column":15}},"line":22}},"branchMap":{},"s":{"0":6,"1":6,"2":6,"3":24},"f":{"0":6,"1":24},"b":{},"_coverageSchema":"1a1c01bbd47fc00a2c39e90264f33305004495a9","hash":"42b241c9f11e5f2be81174798d4ecb7efb42bd3a"}
,"/home/sreek/Music/blinkist_final/src/components/molecules/FullBanner/FullBanner.tsx": {"path":"/home/sreek/Music/blinkist_final/src/components/molecules/FullBanner/FullBanner.tsx","statementMap":{"0":{"start":{"line":7,"column":19},"end":{"line":26,"column":1}},"1":{"start":{"line":8,"column":18},"end":{"line":8,"column":29}},"2":{"start":{"line":9,"column":2},"end":{"line":25,"column":4}}},"fnMap":{"0":{"name":"(anonymous_0)","decl":{"start":{"line":7,"column":19},"end":{"line":7,"column":20}},"loc":{"start":{"line":7,"column":25},"end":{"line":26,"column":1}},"line":7}},"branchMap":{},"s":{"0":2,"1":2,"2":2},"f":{"0":2},"b":{},"_coverageSchema":"1a1c01bbd47fc00a2c39e90264f33305004495a9","hash":"efee7d445634dec300c7f2f03796a10a42ad90e9"}
,"/home/sreek/Music/blinkist_final/src/components/molecules/MyLibraryToggle/MyLibraryToggle.tsx": {"path":"/home/sreek/Music/blinkist_final/src/components/molecules/MyLibraryToggle/MyLibraryToggle.tsx","statementMap":{"0":{"start":{"line":12,"column":18},"end":{"line":12,"column":29}},"1":{"start":{"line":13,"column":21},"end":{"line":13,"column":34}},"2":{"start":{"line":14,"column":19},"end":{"line":14,"column":32}},"3":{"start":{"line":16,"column":2},"end":{"line":59,"column":4}},"4":{"start":{"line":28,"column":10},"end":{"line":28,"column":46}},"5":{"start":{"line":29,"column":10},"end":{"line":29,"column":42}},"6":{"start":{"line":45,"column":10},"end":{"line":45,"column":38}},"7":{"start":{"line":46,"column":10},"end":{"line":46,"column":41}}},"fnMap":{"0":{"name":"MyLibraryToggle","decl":{"start":{"line":11,"column":24},"end":{"line":11,"column":39}},"loc":{"start":{"line":11,"column":70},"end":{"line":60,"column":1}},"line":11},"1":{"name":"(anonymous_1)","decl":{"start":{"line":27,"column":17},"end":{"line":27,"column":18}},"loc":{"start":{"line":27,"column":23},"end":{"line":30,"column":9}},"line":27},"2":{"name":"(anonymous_2)","decl":{"start":{"line":44,"column":17},"end":{"line":44,"column":18}},"loc":{"start":{"line":44,"column":23},"end":{"line":47,"column":9}},"line":44}},"branchMap":{"0":{"loc":{"start":{"line":32,"column":10},"end":{"line":36,"column":36}},"type":"cond-expr","locations":[{"start":{"line":35,"column":14},"end":{"line":35,"column":35}},{"start":{"line":36,"column":14},"end":{"line":36,"column":36}}],"line":32},"1":{"loc":{"start":{"line":32,"column":10},"end":{"line":34,"column":35}},"type":"binary-expr","locations":[{"start":{"line":32,"column":11},"end":{"line":32,"column":46}},{"start":{"line":33,"column":12},"end":{"line":33,"column":53}},{"start":{"line":34,"column":10},"end":{"line":34,"column":35}}],"line":32},"2":{"loc":{"start":{"line":49,"column":10},"end":{"line":52,"column":36}},"type":"cond-expr","locations":[{"start":{"line":51,"column":14},"end":{"line":51,"column":35}},{"start":{"line":52,"column":14},"end":{"line":52,"column":36}}],"line":49},"3":{"loc":{"start":{"line":49,"column":10},"end":{"line":50,"column":50}},"type":"binary-expr","locations":[{"start":{"line":49,"column":10},"end":{"line":49,"column":37}},{"start":{"line":50,"column":10},"end":{"line":50,"column":50}}],"line":49}},"s":{"0":6,"1":6,"2":6,"3":6,"4":1,"5":1,"6":1,"7":1},"f":{"0":6,"1":1,"2":1},"b":{"0":[3,3],"1":[6,0,6],"2":[1,5],"3":[6,6]},"_coverageSchema":"1a1c01bbd47fc00a2c39e90264f33305004495a9","hash":"9298019c2a6d98c48bd3d61f6b9e214bc08fbd0f"}
,"/home/sreek/Music/blinkist_final/src/components/molecules/ReadAgainButton/ReadAgain.tsx": {"path":"/home/sreek/Music/blinkist_final/src/components/molecules/ReadAgainButton/ReadAgain.tsx","statementMap":{"0":{"start":{"line":9,"column":25},"end":{"line":27,"column":1}},"1":{"start":{"line":10,"column":2},"end":{"line":26,"column":11}},"2":{"start":{"line":22,"column":6},"end":{"line":22,"column":25}},"3":{"start":{"line":23,"column":6},"end":{"line":23,"column":33}}},"fnMap":{"0":{"name":"(anonymous_0)","decl":{"start":{"line":9,"column":25},"end":{"line":9,"column":26}},"loc":{"start":{"line":10,"column":2},"end":{"line":26,"column":11}},"line":10},"1":{"name":"(anonymous_1)","decl":{"start":{"line":21,"column":13},"end":{"line":21,"column":14}},"loc":{"start":{"line":21,"column":20},"end":{"line":23,"column":34}},"line":21}},"branchMap":{},"s":{"0":2,"1":5,"2":1,"3":1},"f":{"0":5,"1":1},"b":{},"_coverageSchema":"1a1c01bbd47fc00a2c39e90264f33305004495a9","hash":"607bf04691ed8ecf691cb89fc4f4689c85cc4659"}
,"/home/sreek/Music/blinkist_final/src/components/molecules/SearchBar/SearchBar.tsx": {"path":"/home/sreek/Music/blinkist_final/src/components/molecules/SearchBar/SearchBar.tsx","statementMap":{"0":{"start":{"line":5,"column":25},"end":{"line":17,"column":1}},"1":{"start":{"line":6,"column":18},"end":{"line":6,"column":29}},"2":{"start":{"line":7,"column":2},"end":{"line":16,"column":4}}},"fnMap":{"0":{"name":"(anonymous_0)","decl":{"start":{"line":5,"column":25},"end":{"line":5,"column":26}},"loc":{"start":{"line":5,"column":31},"end":{"line":17,"column":1}},"line":5}},"branchMap":{},"s":{"0":2,"1":3,"2":3},"f":{"0":3},"b":{},"_coverageSchema":"1a1c01bbd47fc00a2c39e90264f33305004495a9","hash":"a20bc413600f204705cfef859d28eb571dd40b5b"}
,"/home/sreek/Music/blinkist_final/src/components/molecules/ToggleTabs/ToggleTabs.tsx": {"path":"/home/sreek/Music/blinkist_final/src/components/molecules/ToggleTabs/ToggleTabs.tsx","statementMap":{"0":{"start":{"line":12,"column":18},"end":{"line":12,"column":29}},"1":{"start":{"line":14,"column":2},"end":{"line":40,"column":4}},"2":{"start":{"line":18,"column":23},"end":{"line":18,"column":50}},"3":{"start":{"line":27,"column":23},"end":{"line":27,"column":45}},"4":{"start":{"line":34,"column":23},"end":{"line":34,"column":48}}},"fnMap":{"0":{"name":"ToggleTabs","decl":{"start":{"line":11,"column":24},"end":{"line":11,"column":34}},"loc":{"start":{"line":11,"column":60},"end":{"line":41,"column":1}},"line":11},"1":{"name":"(anonymous_1)","decl":{"start":{"line":18,"column":17},"end":{"line":18,"column":18}},"loc":{"start":{"line":18,"column":23},"end":{"line":18,"column":50}},"line":18},"2":{"name":"(anonymous_2)","decl":{"start":{"line":27,"column":17},"end":{"line":27,"column":18}},"loc":{"start":{"line":27,"column":23},"end":{"line":27,"column":45}},"line":27},"3":{"name":"(anonymous_3)","decl":{"start":{"line":34,"column":17},"end":{"line":34,"column":18}},"loc":{"start":{"line":34,"column":23},"end":{"line":34,"column":48}},"line":34}},"branchMap":{"0":{"loc":{"start":{"line":20,"column":10},"end":{"line":20,"column":72}},"type":"cond-expr","locations":[{"start":{"line":20,"column":40},"end":{"line":20,"column":54}},{"start":{"line":20,"column":57},"end":{"line":20,"column":72}}],"line":20},"1":{"loc":{"start":{"line":28,"column":19},"end":{"line":28,"column":76}},"type":"cond-expr","locations":[{"start":{"line":28,"column":44},"end":{"line":28,"column":58}},{"start":{"line":28,"column":61},"end":{"line":28,"column":76}}],"line":28},"2":{"loc":{"start":{"line":35,"column":19},"end":{"line":35,"column":79}},"type":"cond-expr","locations":[{"start":{"line":35,"column":47},"end":{"line":35,"column":61}},{"start":{"line":35,"column":64},"end":{"line":35,"column":79}}],"line":35}},"s":{"0":8,"1":8,"2":1,"3":1,"4":1},"f":{"0":8,"1":1,"2":1,"3":1},"b":{"0":[4,4],"1":[0,8],"2":[4,4]},"_coverageSchema":"1a1c01bbd47fc00a2c39e90264f33305004495a9","hash":"8c1d341c391750a9577d6c4846a1955d7e695d33"}
,"/home/sreek/Music/blinkist_final/src/components/molecules/UserAvatar/UserAvatar.tsx": {"path":"/home/sreek/Music/blinkist_final/src/components/molecules/UserAvatar/UserAvatar.tsx","statementMap":{"0":{"start":{"line":13,"column":21},"end":{"line":13,"column":31}},"1":{"start":{"line":14,"column":18},"end":{"line":14,"column":29}},"2":{"start":{"line":15,"column":2},"end":{"line":45,"column":4}},"3":{"start":{"line":19,"column":21},"end":{"line":19,"column":40}},"4":{"start":{"line":36,"column":14},"end":{"line":36,"column":34}},"5":{"start":{"line":37,"column":14},"end":{"line":37,"column":59}}},"fnMap":{"0":{"name":"UserAvatar","decl":{"start":{"line":12,"column":24},"end":{"line":12,"column":34}},"loc":{"start":{"line":12,"column":53},"end":{"line":46,"column":1}},"line":12},"1":{"name":"(anonymous_1)","decl":{"start":{"line":19,"column":15},"end":{"line":19,"column":16}},"loc":{"start":{"line":19,"column":21},"end":{"line":19,"column":40}},"line":19},"2":{"name":"(anonymous_2)","decl":{"start":{"line":35,"column":21},"end":{"line":35,"column":22}},"loc":{"start":{"line":35,"column":27},"end":{"line":38,"column":13}},"line":35}},"branchMap":{"0":{"loc":{"start":{"line":22,"column":7},"end":{"line":43,"column":7}},"type":"cond-expr","locations":[{"start":{"line":23,"column":8},"end":{"line":23,"column":29}},{"start":{"line":25,"column":8},"end":{"line":42,"column":11}}],"line":22}},"s":{"0":10,"1":10,"2":10,"3":3,"4":1,"5":1},"f":{"0":10,"1":3,"2":1},"b":{"0":[7,3]},"_coverageSchema":"1a1c01bbd47fc00a2c39e90264f33305004495a9","hash":"3d3bd2c0b1c9c0ff94aaae9865ce6bb076dba7ec"}
,"/home/sreek/Music/blinkist_final/src/components/organisms/BookDetailPage/BookDetailPage.tsx": {"path":"/home/sreek/Music/blinkist_final/src/components/organisms/BookDetailPage/BookDetailPage.tsx","statementMap":{"0":{"start":{"line":10,"column":30},"end":{"line":10,"column":56}},"1":{"start":{"line":15,"column":6},"end":{"line":20,"column":3}},"2":{"start":{"line":22,"column":2},"end":{"line":53,"column":4}},"3":{"start":{"line":40,"column":28},"end":{"line":40,"column":40}}},"fnMap":{"0":{"name":"BookDetailsPage","decl":{"start":{"line":8,"column":24},"end":{"line":8,"column":39}},"loc":{"start":{"line":8,"column":70},"end":{"line":54,"column":1}},"line":8},"1":{"name":"(anonymous_1)","decl":{"start":{"line":40,"column":21},"end":{"line":40,"column":22}},"loc":{"start":{"line":40,"column":28},"end":{"line":40,"column":40}},"line":40}},"branchMap":{"0":{"loc":{"start":{"line":45,"column":11},"end":{"line":49,"column":29}},"type":"cond-expr","locations":[{"start":{"line":46,"column":12},"end":{"line":46,"column":31}},{"start":{"line":47,"column":12},"end":{"line":49,"column":29}}],"line":45},"1":{"loc":{"start":{"line":47,"column":12},"end":{"line":49,"column":29}},"type":"cond-expr","locations":[{"start":{"line":48,"column":12},"end":{"line":48,"column":26}},{"start":{"line":49,"column":12},"end":{"line":49,"column":29}}],"line":47}},"s":{"0":4,"1":4,"2":4,"3":0},"f":{"0":4,"1":0},"b":{"0":[4,0],"1":[0,0]},"_coverageSchema":"1a1c01bbd47fc00a2c39e90264f33305004495a9","hash":"739cbbeedb9bfe316332a90453e8216268492f7b"}
,"/home/sreek/Music/blinkist_final/src/components/organisms/BookGrid/BookGrid.tsx": {"path":"/home/sreek/Music/blinkist_final/src/components/organisms/BookGrid/BookGrid.tsx","statementMap":{"0":{"start":{"line":18,"column":16},"end":{"line":33,"column":4}},"1":{"start":{"line":19,"column":4},"end":{"line":32,"column":6}},"2":{"start":{"line":34,"column":2},"end":{"line":44,"column":4}}},"fnMap":{"0":{"name":"BookGrid","decl":{"start":{"line":17,"column":24},"end":{"line":17,"column":32}},"loc":{"start":{"line":17,"column":56},"end":{"line":45,"column":1}},"line":17},"1":{"name":"(anonymous_1)","decl":{"start":{"line":18,"column":35},"end":{"line":18,"column":36}},"loc":{"start":{"line":18,"column":45},"end":{"line":33,"column":3}},"line":18}},"branchMap":{},"s":{"0":29,"1":51,"2":29},"f":{"0":29,"1":51},"b":{},"_coverageSchema":"1a1c01bbd47fc00a2c39e90264f33305004495a9","hash":"2a2e275458177778137d624fd0e62f42e8a3265e"}
,"/home/sreek/Music/blinkist_final/src/components/organisms/CurrentlyReading/CurrentlyReading.tsx": {"path":"/home/sreek/Music/blinkist_final/src/components/organisms/CurrentlyReading/CurrentlyReading.tsx","statementMap":{"0":{"start":{"line":15,"column":47},"end":{"line":15,"column":59}},"1":{"start":{"line":16,"column":4},"end":{"line":22,"column":9}},"2":{"start":{"line":17,"column":8},"end":{"line":21,"column":10}},"3":{"start":{"line":19,"column":25},"end":{"line":19,"column":33}},"4":{"start":{"line":20,"column":12},"end":{"line":20,"column":35}},"5":{"start":{"line":23,"column":24},"end":{"line":46,"column":7}},"6":{"start":{"line":24,"column":31},"end":{"line":26,"column":10}},"7":{"start":{"line":25,"column":10},"end":{"line":25,"column":40}},"8":{"start":{"line":28,"column":8},"end":{"line":28,"column":42}},"9":{"start":{"line":30,"column":32},"end":{"line":32,"column":10}},"10":{"start":{"line":31,"column":10},"end":{"line":31,"column":40}},"11":{"start":{"line":34,"column":8},"end":{"line":37,"column":11}},"12":{"start":{"line":35,"column":10},"end":{"line":35,"column":27}},"13":{"start":{"line":36,"column":10},"end":{"line":36,"column":32}},"14":{"start":{"line":39,"column":8},"end":{"line":45,"column":13}},"15":{"start":{"line":41,"column":12},"end":{"line":41,"column":34}},"16":{"start":{"line":44,"column":12},"end":{"line":44,"column":31}},"17":{"start":{"line":49,"column":4},"end":{"line":52,"column":9}}},"fnMap":{"0":{"name":"CurrentlyReading","decl":{"start":{"line":10,"column":24},"end":{"line":10,"column":40}},"loc":{"start":{"line":14,"column":0},"end":{"line":54,"column":1}},"line":14},"1":{"name":"(anonymous_1)","decl":{"start":{"line":16,"column":14},"end":{"line":16,"column":15}},"loc":{"start":{"line":16,"column":18},"end":{"line":22,"column":5}},"line":16},"2":{"name":"(anonymous_2)","decl":{"start":{"line":18,"column":14},"end":{"line":18,"column":15}},"loc":{"start":{"line":18,"column":21},"end":{"line":21,"column":9}},"line":18},"3":{"name":"(anonymous_3)","decl":{"start":{"line":23,"column":24},"end":{"line":23,"column":25}},"loc":{"start":{"line":23,"column":48},"end":{"line":46,"column":7}},"line":23},"4":{"name":"(anonymous_4)","decl":{"start":{"line":24,"column":53},"end":{"line":24,"column":54}},"loc":{"start":{"line":24,"column":71},"end":{"line":26,"column":9}},"line":24},"5":{"name":"(anonymous_5)","decl":{"start":{"line":30,"column":52},"end":{"line":30,"column":53}},"loc":{"start":{"line":30,"column":70},"end":{"line":32,"column":9}},"line":30},"6":{"name":"(anonymous_6)","decl":{"start":{"line":34,"column":80},"end":{"line":34,"column":81}},"loc":{"start":{"line":34,"column":89},"end":{"line":37,"column":9}},"line":34},"7":{"name":"(anonymous_7)","decl":{"start":{"line":40,"column":16},"end":{"line":40,"column":17}},"loc":{"start":{"line":40,"column":25},"end":{"line":42,"column":11}},"line":40},"8":{"name":"(anonymous_8)","decl":{"start":{"line":43,"column":17},"end":{"line":43,"column":18}},"loc":{"start":{"line":43,"column":28},"end":{"line":45,"column":11}},"line":43}},"branchMap":{},"s":{"0":2,"1":2,"2":1,"3":1,"4":1,"5":2,"6":0,"7":0,"8":0,"9":0,"10":0,"11":0,"12":0,"13":0,"14":0,"15":0,"16":0,"17":2},"f":{"0":2,"1":1,"2":1,"3":0,"4":0,"5":0,"6":0,"7":0,"8":0},"b":{},"_coverageSchema":"1a1c01bbd47fc00a2c39e90264f33305004495a9","hash":"af133339254ccd110e5347df45f5dd4e2ff1c7a8"}
,"/home/sreek/Music/blinkist_final/src/components/organisms/Entrepreneurship/Entrepreneurship.tsx": {"path":"/home/sreek/Music/blinkist_final/src/components/organisms/Entrepreneurship/Entrepreneurship.tsx","statementMap":{"0":{"start":{"line":11,"column":19},"end":{"line":11,"column":32}},"1":{"start":{"line":13,"column":22},"end":{"line":15,"column":3}},"2":{"start":{"line":14,"column":4},"end":{"line":14,"column":32}},"3":{"start":{"line":17,"column":39},"end":{"line":17,"column":51}},"4":{"start":{"line":18,"column":2},"end":{"line":24,"column":9}},"5":{"start":{"line":19,"column":4},"end":{"line":23,"column":7}},"6":{"start":{"line":20,"column":19},"end":{"line":20,"column":27}},"7":{"start":{"line":21,"column":6},"end":{"line":21,"column":24}},"8":{"start":{"line":22,"column":6},"end":{"line":22,"column":29}},"9":{"start":{"line":25,"column":41},"end":{"line":25,"column":53}},"10":{"start":{"line":26,"column":2},"end":{"line":32,"column":9}},"11":{"start":{"line":27,"column":4},"end":{"line":31,"column":7}},"12":{"start":{"line":28,"column":19},"end":{"line":28,"column":27}},"13":{"start":{"line":29,"column":6},"end":{"line":29,"column":24}},"14":{"start":{"line":30,"column":6},"end":{"line":30,"column":30}},"15":{"start":{"line":33,"column":39},"end":{"line":33,"column":51}},"16":{"start":{"line":34,"column":2},"end":{"line":40,"column":9}},"17":{"start":{"line":35,"column":4},"end":{"line":39,"column":7}},"18":{"start":{"line":36,"column":19},"end":{"line":36,"column":27}},"19":{"start":{"line":37,"column":6},"end":{"line":37,"column":24}},"20":{"start":{"line":38,"column":6},"end":{"line":38,"column":29}},"21":{"start":{"line":43,"column":2},"end":{"line":63,"column":4}}},"fnMap":{"0":{"name":"Entrepreneurship","decl":{"start":{"line":10,"column":9},"end":{"line":10,"column":25}},"loc":{"start":{"line":10,"column":28},"end":{"line":64,"column":1}},"line":10},"1":{"name":"(anonymous_1)","decl":{"start":{"line":13,"column":22},"end":{"line":13,"column":23}},"loc":{"start":{"line":13,"column":28},"end":{"line":15,"column":3}},"line":13},"2":{"name":"(anonymous_2)","decl":{"start":{"line":18,"column":12},"end":{"line":18,"column":13}},"loc":{"start":{"line":18,"column":18},"end":{"line":24,"column":3}},"line":18},"3":{"name":"(anonymous_3)","decl":{"start":{"line":19,"column":53},"end":{"line":19,"column":54}},"loc":{"start":{"line":19,"column":62},"end":{"line":23,"column":5}},"line":19},"4":{"name":"(anonymous_4)","decl":{"start":{"line":26,"column":12},"end":{"line":26,"column":13}},"loc":{"start":{"line":26,"column":18},"end":{"line":32,"column":3}},"line":26},"5":{"name":"(anonymous_5)","decl":{"start":{"line":27,"column":54},"end":{"line":27,"column":55}},"loc":{"start":{"line":27,"column":63},"end":{"line":31,"column":5}},"line":27},"6":{"name":"(anonymous_6)","decl":{"start":{"line":34,"column":12},"end":{"line":34,"column":13}},"loc":{"start":{"line":34,"column":18},"end":{"line":40,"column":3}},"line":34},"7":{"name":"(anonymous_7)","decl":{"start":{"line":35,"column":53},"end":{"line":35,"column":54}},"loc":{"start":{"line":35,"column":62},"end":{"line":39,"column":5}},"line":35}},"branchMap":{},"s":{"0":10,"1":8,"2":0,"3":8,"4":8,"5":2,"6":2,"7":2,"8":2,"9":8,"10":8,"11":2,"12":2,"13":2,"14":2,"15":8,"16":8,"17":2,"18":2,"19":2,"20":2,"21":8},"f":{"0":10,"1":0,"2":2,"3":2,"4":2,"5":2,"6":2,"7":2},"b":{},"_coverageSchema":"1a1c01bbd47fc00a2c39e90264f33305004495a9","hash":"f9f32d74a466ab507404880b46a48a370d0b4cf8"}
,"/home/sreek/Music/blinkist_final/src/components/organisms/ExploreCard/ExploreCard.tsx": {"path":"/home/sreek/Music/blinkist_final/src/components/organisms/ExploreCard/ExploreCard.tsx","statementMap":{"0":{"start":{"line":25,"column":17},"end":{"line":44,"column":1}},"1":{"start":{"line":50,"column":20},"end":{"line":85,"column":1}},"2":{"start":{"line":51,"column":16},"end":{"line":59,"column":4}},"3":{"start":{"line":52,"column":4},"end":{"line":58,"column":22}},"4":{"start":{"line":61,"column":2},"end":{"line":84,"column":4}},"5":{"start":{"line":78,"column":10},"end":{"line":80,"column":17}}},"fnMap":{"0":{"name":"(anonymous_0)","decl":{"start":{"line":50,"column":20},"end":{"line":50,"column":21}},"loc":{"start":{"line":50,"column":43},"end":{"line":85,"column":1}},"line":50},"1":{"name":"(anonymous_1)","decl":{"start":{"line":51,"column":29},"end":{"line":51,"column":30}},"loc":{"start":{"line":52,"column":4},"end":{"line":58,"column":22}},"line":52},"2":{"name":"(anonymous_2)","decl":{"start":{"line":77,"column":19},"end":{"line":77,"column":20}},"loc":{"start":{"line":78,"column":10},"end":{"line":80,"column":17}},"line":78}},"branchMap":{},"s":{"0":6,"1":6,"2":14,"3":150,"4":8,"5":144},"f":{"0":14,"1":150,"2":144},"b":{},"_coverageSchema":"1a1c01bbd47fc00a2c39e90264f33305004495a9","hash":"1c61e8aee76db049a47720f349160429645f2065"}
,"/home/sreek/Music/blinkist_final/src/components/organisms/FinishedReading/FinishedReading.tsx": {"path":"/home/sreek/Music/blinkist_final/src/components/organisms/FinishedReading/FinishedReading.tsx","statementMap":{"0":{"start":{"line":14,"column":49},"end":{"line":14,"column":61}},"1":{"start":{"line":16,"column":4},"end":{"line":22,"column":9}},"2":{"start":{"line":17,"column":8},"end":{"line":21,"column":10}},"3":{"start":{"line":19,"column":25},"end":{"line":19,"column":33}},"4":{"start":{"line":20,"column":12},"end":{"line":20,"column":36}},"5":{"start":{"line":24,"column":24},"end":{"line":47,"column":7}},"6":{"start":{"line":25,"column":31},"end":{"line":27,"column":10}},"7":{"start":{"line":26,"column":10},"end":{"line":26,"column":40}},"8":{"start":{"line":28,"column":8},"end":{"line":28,"column":43}},"9":{"start":{"line":29,"column":32},"end":{"line":31,"column":10}},"10":{"start":{"line":30,"column":10},"end":{"line":30,"column":40}},"11":{"start":{"line":32,"column":8},"end":{"line":37,"column":13}},"12":{"start":{"line":35,"column":12},"end":{"line":35,"column":29}},"13":{"start":{"line":36,"column":12},"end":{"line":36,"column":34}},"14":{"start":{"line":39,"column":8},"end":{"line":46,"column":13}},"15":{"start":{"line":42,"column":12},"end":{"line":42,"column":34}},"16":{"start":{"line":45,"column":12},"end":{"line":45,"column":31}},"17":{"start":{"line":49,"column":4},"end":{"line":54,"column":7}}},"fnMap":{"0":{"name":"FinishedReading","decl":{"start":{"line":9,"column":24},"end":{"line":9,"column":39}},"loc":{"start":{"line":12,"column":0},"end":{"line":57,"column":1}},"line":12},"1":{"name":"(anonymous_1)","decl":{"start":{"line":16,"column":14},"end":{"line":16,"column":15}},"loc":{"start":{"line":16,"column":18},"end":{"line":22,"column":5}},"line":16},"2":{"name":"(anonymous_2)","decl":{"start":{"line":18,"column":15},"end":{"line":18,"column":16}},"loc":{"start":{"line":18,"column":23},"end":{"line":21,"column":9}},"line":18},"3":{"name":"(anonymous_3)","decl":{"start":{"line":24,"column":24},"end":{"line":24,"column":25}},"loc":{"start":{"line":24,"column":48},"end":{"line":47,"column":7}},"line":24},"4":{"name":"(anonymous_4)","decl":{"start":{"line":25,"column":54},"end":{"line":25,"column":55}},"loc":{"start":{"line":25,"column":72},"end":{"line":27,"column":9}},"line":25},"5":{"name":"(anonymous_5)","decl":{"start":{"line":29,"column":53},"end":{"line":29,"column":54}},"loc":{"start":{"line":29,"column":71},"end":{"line":31,"column":9}},"line":29},"6":{"name":"(anonymous_6)","decl":{"start":{"line":34,"column":16},"end":{"line":34,"column":17}},"loc":{"start":{"line":34,"column":25},"end":{"line":37,"column":11}},"line":34},"7":{"name":"(anonymous_7)","decl":{"start":{"line":41,"column":16},"end":{"line":41,"column":17}},"loc":{"start":{"line":41,"column":25},"end":{"line":43,"column":11}},"line":41},"8":{"name":"(anonymous_8)","decl":{"start":{"line":44,"column":17},"end":{"line":44,"column":18}},"loc":{"start":{"line":44,"column":28},"end":{"line":46,"column":11}},"line":44}},"branchMap":{},"s":{"0":2,"1":2,"2":1,"3":1,"4":1,"5":2,"6":0,"7":0,"8":0,"9":0,"10":0,"11":0,"12":0,"13":0,"14":0,"15":0,"16":0,"17":2},"f":{"0":2,"1":1,"2":1,"3":0,"4":0,"5":0,"6":0,"7":0,"8":0},"b":{},"_coverageSchema":"1a1c01bbd47fc00a2c39e90264f33305004495a9","hash":"8b52587fdfb6b1c79bb122c456e20c0be8074834"}
,"/home/sreek/Music/blinkist_final/src/components/organisms/Footer/Footer.tsx": {"path":"/home/sreek/Music/blinkist_final/src/components/organisms/Footer/Footer.tsx","statementMap":{"0":{"start":{"line":10,"column":2},"end":{"line":41,"column":4}}},"fnMap":{"0":{"name":"Footer","decl":{"start":{"line":9,"column":24},"end":{"line":9,"column":30}},"loc":{"start":{"line":9,"column":33},"end":{"line":42,"column":1}},"line":9}},"branchMap":{},"s":{"0":5},"f":{"0":5},"b":{},"_coverageSchema":"1a1c01bbd47fc00a2c39e90264f33305004495a9","hash":"f63325a7d894d36202b9ce8887bd2b160a9e3df3"}
,"/home/sreek/Music/blinkist_final/src/components/organisms/Header/Headers.tsx": {"path":"/home/sreek/Music/blinkist_final/src/components/organisms/Header/Headers.tsx","statementMap":{"0":{"start":{"line":13,"column":35},"end":{"line":13,"column":50}},"1":{"start":{"line":14,"column":19},"end":{"line":14,"column":32}},"2":{"start":{"line":15,"column":18},"end":{"line":15,"column":29}},"3":{"start":{"line":16,"column":34},"end":{"line":16,"column":48}},"4":{"start":{"line":17,"column":2},"end":{"line":64,"column":4}},"5":{"start":{"line":37,"column":32},"end":{"line":37,"column":55}},"6":{"start":{"line":44,"column":50},"end":{"line":44,"column":59}},"7":{"start":{"line":51,"column":31},"end":{"line":51,"column":53}},"8":{"start":{"line":61,"column":41},"end":{"line":61,"column":61}}},"fnMap":{"0":{"name":"Headers","decl":{"start":{"line":12,"column":24},"end":{"line":12,"column":31}},"loc":{"start":{"line":12,"column":34},"end":{"line":65,"column":1}},"line":12},"1":{"name":"(anonymous_1)","decl":{"start":{"line":37,"column":26},"end":{"line":37,"column":27}},"loc":{"start":{"line":37,"column":32},"end":{"line":37,"column":55}},"line":37},"2":{"name":"(anonymous_2)","decl":{"start":{"line":44,"column":44},"end":{"line":44,"column":45}},"loc":{"start":{"line":44,"column":50},"end":{"line":44,"column":59}},"line":44},"3":{"name":"(anonymous_3)","decl":{"start":{"line":51,"column":25},"end":{"line":51,"column":26}},"loc":{"start":{"line":51,"column":31},"end":{"line":51,"column":53}},"line":51},"4":{"name":"(anonymous_4)","decl":{"start":{"line":61,"column":35},"end":{"line":61,"column":36}},"loc":{"start":{"line":61,"column":41},"end":{"line":61,"column":61}},"line":61}},"branchMap":{"0":{"loc":{"start":{"line":58,"column":19},"end":{"line":58,"column":61}},"type":"cond-expr","locations":[{"start":{"line":58,"column":29},"end":{"line":58,"column":44}},{"start":{"line":58,"column":47},"end":{"line":58,"column":61}}],"line":58}},"s":{"0":12,"1":7,"2":7,"3":7,"4":7,"5":0,"6":0,"7":0,"8":0},"f":{"0":12,"1":0,"2":0,"3":0,"4":0},"b":{"0":[0,7]},"_coverageSchema":"1a1c01bbd47fc00a2c39e90264f33305004495a9","hash":"bf44e3103766a5badba37241ba17895348f6c9f7"}
,"/home/sreek/Music/blinkist_final/src/components/pages/AuthPage/AuthPage.tsx": {"path":"/home/sreek/Music/blinkist_final/src/components/pages/AuthPage/AuthPage.tsx","statementMap":{"0":{"start":{"line":8,"column":32},"end":{"line":8,"column":42}},"1":{"start":{"line":9,"column":2},"end":{"line":50,"column":4}},"2":{"start":{"line":35,"column":51},"end":{"line":35,"column":70}},"3":{"start":{"line":43,"column":25},"end":{"line":43,"column":69}}},"fnMap":{"0":{"name":"AuthPage","decl":{"start":{"line":7,"column":24},"end":{"line":7,"column":32}},"loc":{"start":{"line":7,"column":35},"end":{"line":51,"column":1}},"line":7},"1":{"name":"(anonymous_1)","decl":{"start":{"line":35,"column":45},"end":{"line":35,"column":46}},"loc":{"start":{"line":35,"column":51},"end":{"line":35,"column":70}},"line":35},"2":{"name":"(anonymous_2)","decl":{"start":{"line":43,"column":19},"end":{"line":43,"column":20}},"loc":{"start":{"line":43,"column":25},"end":{"line":43,"column":69}},"line":43}},"branchMap":{},"s":{"0":3,"1":3,"2":1,"3":1},"f":{"0":3,"1":1,"2":1},"b":{},"_coverageSchema":"1a1c01bbd47fc00a2c39e90264f33305004495a9","hash":"0dbf2f082e40e85984469ae1e7b7acf3790c2ee2"}
,"/home/sreek/Music/blinkist_final/src/components/pages/BookDetailPage/BookDetailsPage.tsx": {"path":"/home/sreek/Music/blinkist_final/src/components/pages/BookDetailPage/BookDetailsPage.tsx","statementMap":{"0":{"start":{"line":9,"column":2},"end":{"line":15,"column":4}}},"fnMap":{"0":{"name":"BookDetailsPage","decl":{"start":{"line":8,"column":24},"end":{"line":8,"column":39}},"loc":{"start":{"line":8,"column":42},"end":{"line":16,"column":1}},"line":8}},"branchMap":{},"s":{"0":2},"f":{"0":2},"b":{},"_coverageSchema":"1a1c01bbd47fc00a2c39e90264f33305004495a9","hash":"32bf997e479f3ac6562c9fb0e050cc5950c27982"}
,"/home/sreek/Music/blinkist_final/src/components/pages/EntrepreneurPage/Entrepreneur.tsx": {"path":"/home/sreek/Music/blinkist_final/src/components/pages/EntrepreneurPage/Entrepreneur.tsx","statementMap":{"0":{"start":{"line":12,"column":2},"end":{"line":26,"column":4}}},"fnMap":{"0":{"name":"Entrepreneur","decl":{"start":{"line":10,"column":24},"end":{"line":10,"column":36}},"loc":{"start":{"line":10,"column":39},"end":{"line":27,"column":1}},"line":10}},"branchMap":{},"s":{"0":2},"f":{"0":2},"b":{},"_coverageSchema":"1a1c01bbd47fc00a2c39e90264f33305004495a9","hash":"31fc01f8dffe3f714d74edc327285a044c272dd0"}
,"/home/sreek/Music/blinkist_final/src/components/pages/MyLibraryPage/Library.tsx": {"path":"/home/sreek/Music/blinkist_final/src/components/pages/MyLibraryPage/Library.tsx","statementMap":{"0":{"start":{"line":13,"column":42},"end":{"line":13,"column":63}},"1":{"start":{"line":14,"column":30},"end":{"line":14,"column":56}},"2":{"start":{"line":16,"column":4},"end":{"line":16,"column":35}},"3":{"start":{"line":18,"column":2},"end":{"line":38,"column":4}},"4":{"start":{"line":29,"column":32},"end":{"line":29,"column":46}}},"fnMap":{"0":{"name":"Library","decl":{"start":{"line":11,"column":24},"end":{"line":11,"column":31}},"loc":{"start":{"line":12,"column":0},"end":{"line":39,"column":1}},"line":12},"1":{"name":"handleChange","decl":{"start":{"line":15,"column":11},"end":{"line":15,"column":23}},"loc":{"start":{"line":15,"column":26},"end":{"line":17,"column":3}},"line":15},"2":{"name":"(anonymous_2)","decl":{"start":{"line":29,"column":23},"end":{"line":29,"column":24}},"loc":{"start":{"line":29,"column":32},"end":{"line":29,"column":46}},"line":29}},"branchMap":{},"s":{"0":2,"1":1,"2":0,"3":1,"4":0},"f":{"0":2,"1":0,"2":0},"b":{},"_coverageSchema":"1a1c01bbd47fc00a2c39e90264f33305004495a9","hash":"1e1aeeb3bf2514c5b013430e8ba4172d3bf880d7"}
,"/home/sreek/Music/blinkist_final/src/components/template/TemplatePage/templatePage.tsx": {"path":"/home/sreek/Music/blinkist_final/src/components/template/TemplatePage/templatePage.tsx","statementMap":{"0":{"start":{"line":11,"column":2},"end":{"line":28,"column":4}}},"fnMap":{"0":{"name":"Template","decl":{"start":{"line":10,"column":24},"end":{"line":10,"column":32}},"loc":{"start":{"line":10,"column":56},"end":{"line":29,"column":1}},"line":10}},"branchMap":{},"s":{"0":8},"f":{"0":8},"b":{},"_coverageSchema":"1a1c01bbd47fc00a2c39e90264f33305004495a9","hash":"6f61dcad3075e1e778e073faf7c64b89a975962d"}
,"/home/sreek/Music/blinkist_final/src/theme/index.tsx": {"path":"/home/sreek/Music/blinkist_final/src/theme/index.tsx","statementMap":{"0":{"start":{"line":37,"column":14},"end":{"line":81,"column":2}},"1":{"start":{"line":84,"column":18},"end":{"line":212,"column":2}}},"fnMap":{},"branchMap":{},"s":{"0":24,"1":24},"f":{},"b":{},"_coverageSchema":"1a1c01bbd47fc00a2c39e90264f33305004495a9","hash":"44d640fd3c1c54b5b9e7598b57b801b5efd7c4c7"}
}
