TN:
SF:src/components/db.tsx
FNF:0
FNH:0
DA:7,1
DA:87,1
DA:134,1
DA:162,1
DA:186,1
LF:5
LH:5
BRF:0
BRH:0
end_of_record
TN:
SF:src/components/atoms/AuthorName/AuthorName.tsx
FN:9,AuthorName
FNF:1
FNH:1
FNDA:63,AuthorName
DA:10,63
LF:1
LH:1
BRF:0
BRH:0
end_of_record
TN:
SF:src/components/atoms/BannerContent/BannerContent.tsx
FN:4,(anonymous_0)
FNF:1
FNH:1
FNDA:4,(anonymous_0)
DA:4,4
DA:5,4
LF:2
LH:2
BRF:0
BRH:0
end_of_record
TN:
SF:src/components/atoms/BannerTitle/BannerTitle.tsx
FN:4,(anonymous_0)
FNF:1
FNH:1
FNDA:4,(anonymous_0)
DA:4,4
DA:5,4
LF:2
LH:2
BRF:0
BRH:0
end_of_record
TN:
SF:src/components/atoms/BookReadTime/BookReadTime.tsx
FN:9,BookReadTime
FNF:1
FNH:1
FNDA:85,BookReadTime
DA:10,85
LF:1
LH:1
BRF:0
BRH:0
end_of_record
TN:
SF:src/components/atoms/BookTitle/BookTitle.tsx
FN:9,BookTitle
FNF:1
FNH:1
FNDA:56,BookTitle
DA:10,56
LF:1
LH:1
BRF:0
BRH:0
end_of_record
TN:
SF:src/components/atoms/Footer/BlinkWithTag/BlinkWithTag.tsx
FN:5,(anonymous_0)
FNF:1
FNH:1
FNDA:6,(anonymous_0)
DA:5,6
DA:6,6
LF:2
LH:2
BRF:0
BRH:0
end_of_record
TN:
SF:src/components/atoms/Footer/CopyRight/CopyRight.tsx
FN:4,(anonymous_0)
FNF:1
FNH:1
FNDA:6,(anonymous_0)
DA:4,6
DA:5,6
LF:2
LH:2
BRF:0
BRH:0
end_of_record
TN:
SF:src/components/atoms/Footer/Nav/NavHead/NavHead.tsx
FN:8,(anonymous_0)
FNF:1
FNH:1
FNDA:19,(anonymous_0)
DA:8,9
DA:9,19
LF:2
LH:2
BRF:0
BRH:0
end_of_record
TN:
SF:src/components/atoms/Footer/Nav/NavItems/NavItems.tsx
FN:9,(anonymous_0)
FNF:1
FNH:1
FNDA:79,(anonymous_0)
DA:9,9
DA:10,79
LF:2
LH:2
BRF:0
BRH:0
end_of_record
TN:
SF:src/components/atoms/Footer/Tagline/Tagline.tsx
FN:4,(anonymous_0)
FNF:1
FNH:1
FNDA:7,(anonymous_0)
DA:4,7
DA:5,7
LF:2
LH:2
BRF:0
BRH:0
end_of_record
TN:
SF:src/components/atoms/Header/UserLogin/User.tsx
FN:4,User
FNF:1
FNH:1
FNDA:11,User
DA:5,11
LF:1
LH:1
BRF:0
BRH:0
end_of_record
TN:
SF:src/components/atoms/Link/Default/DefaultLink.tsx
FN:11,DefaultLink
FNF:1
FNH:1
FNDA:9,DefaultLink
DA:12,9
DA:13,8
LF:2
LH:2
BRF:0
BRH:0
end_of_record
TN:
SF:src/components/atoms/Link/withIcon/WithIcon.tsx
FN:11,WithIcon
FN:20,(anonymous_1)
FNF:2
FNH:2
FNDA:16,WithIcon
FNDA:1,(anonymous_1)
DA:12,16
DA:13,10
DA:21,1
LF:3
LH:3
BRDA:26,0,0,1
BRDA:26,0,1,9
BRF:2
BRH:2
end_of_record
TN:
SF:src/components/atoms/MyLibrary/MyLibrary.tsx
FN:10,MyLibrary
FNF:1
FNH:1
FNDA:26,MyLibrary
DA:11,26
DA:12,26
LF:2
LH:2
BRF:0
BRH:0
end_of_record
TN:
SF:src/components/atoms/PersonIcon/PersonIcon.tsx
FN:4,PersonIcon
FNF:1
FNH:1
FNDA:22,PersonIcon
DA:5,22
LF:1
LH:1
BRF:0
BRH:0
end_of_record
TN:
SF:src/components/atoms/Search/Search.tsx
FN:4,(anonymous_0)
FNF:1
FNH:1
FNDA:11,(anonymous_0)
DA:4,7
DA:5,11
LF:2
LH:2
BRF:0
BRH:0
end_of_record
TN:
SF:src/components/atoms/TimerIcon/TimerIcon.tsx
FN:4,TimerIcon
FNF:1
FNH:1
FNDA:64,TimerIcon
DA:5,64
LF:1
LH:1
BRF:0
BRH:0
end_of_record
TN:
SF:src/components/molecules/BannerContent/BannerContent.tsx
FN:5,(anonymous_0)
FNF:1
FNH:1
FNDA:3,(anonymous_0)
DA:5,3
DA:6,3
LF:2
LH:2
BRF:0
BRH:0
end_of_record
TN:
SF:src/components/molecules/BookCard/AddToLibrary/AddToLibrary.tsx
FN:9,AddToLibrary
FN:15,(anonymous_1)
FNF:2
FNH:2
FNDA:38,AddToLibrary
FNDA:1,(anonymous_1)
DA:10,38
DA:11,38
DA:15,1
LF:3
LH:3
BRF:0
BRH:0
end_of_record
TN:
SF:src/components/molecules/BookCard/DefaultBook/DefaultBookCard.tsx
FN:20,BookCard
FNF:1
FNH:1
FNDA:55,BookCard
DA:22,55
LF:1
LH:1
BRDA:54,0,0,55
BRDA:54,0,1,20
BRDA:58,1,0,55
BRDA:58,1,1,54
BRF:4
BRH:4
end_of_record
TN:
SF:src/components/molecules/BookCard/ReadingBook/ReadingBook.tsx
FN:13,ReadingBook
FNF:1
FNH:1
FNDA:52,ReadingBook
DA:14,52
LF:1
LH:1
BRF:0
BRH:0
end_of_record
TN:
SF:src/components/molecules/BookDetailPage/BookDetailPage.tsx
FN:11,BookDetail
FN:47,(anonymous_1)
FNF:2
FNH:2
FNDA:7,BookDetail
FNDA:1,(anonymous_1)
DA:12,7
DA:13,7
DA:48,1
LF:3
LH:3
BRF:0
BRH:0
end_of_record
TN:
SF:src/components/molecules/BookReads/BookReads.tsx
FN:11,BookReads
FNF:1
FNH:1
FNDA:21,BookReads
DA:12,21
DA:13,21
LF:2
LH:2
BRF:0
BRH:0
end_of_record
TN:
SF:src/components/molecules/DisplayTime/DisplayTime.tsx
FN:10,DisplayTime
FNF:1
FNH:1
FNDA:63,DisplayTime
DA:11,63
DA:12,63
LF:2
LH:2
BRF:0
BRH:0
end_of_record
TN:
SF:src/components/molecules/ExploreHeader/ExploreHeader.tsx
FN:4,(anonymous_0)
FNF:1
FNH:1
FNDA:9,(anonymous_0)
DA:4,7
DA:5,9
LF:2
LH:2
BRF:0
BRH:0
end_of_record
TN:
SF:src/components/molecules/ExploreMenu/ExploreMenuItem.tsx
FN:11,ExploreMenuItem
FN:16,(anonymous_1)
FNF:2
FNH:2
FNDA:146,ExploreMenuItem
FNDA:1,(anonymous_1)
DA:12,146
DA:13,146
DA:17,1
LF:3
LH:3
BRF:0
BRH:0
end_of_record
TN:
SF:src/components/molecules/FinishedButton/Finished.tsx
FN:9,(anonymous_0)
FN:21,(anonymous_1)
FNF:2
FNH:2
FNDA:14,(anonymous_0)
FNDA:1,(anonymous_1)
DA:9,3
DA:10,14
DA:21,1
LF:3
LH:3
BRF:0
BRH:0
end_of_record
TN:
SF:src/components/molecules/Footer/NavLinks1/NavLinks1.tsx
FN:13,(anonymous_0)
FN:19,(anonymous_1)
FNF:2
FNH:2
FNDA:6,(anonymous_0)
FNDA:24,(anonymous_1)
DA:6,6
DA:13,6
DA:14,6
DA:20,24
LF:4
LH:4
BRF:0
BRH:0
end_of_record
TN:
SF:src/components/molecules/Footer/NavLinks2/NavLinks2.tsx
FN:14,(anonymous_0)
FN:20,(anonymous_1)
FNF:2
FNH:2
FNDA:6,(anonymous_0)
FNDA:30,(anonymous_1)
DA:6,6
DA:14,6
DA:15,6
DA:21,30
LF:4
LH:4
BRF:0
BRH:0
end_of_record
TN:
SF:src/components/molecules/Footer/NavLinks3/NavLinks3.tsx
FN:8,(anonymous_0)
FN:21,(anonymous_1)
FNF:2
FNH:2
FNDA:6,(anonymous_0)
FNDA:24,(anonymous_1)
DA:6,6
DA:8,6
DA:9,6
DA:22,24
LF:4
LH:4
BRF:0
BRH:0
end_of_record
TN:
SF:src/components/molecules/FullBanner/FullBanner.tsx
FN:7,(anonymous_0)
FNF:1
FNH:1
FNDA:2,(anonymous_0)
DA:7,2
DA:8,2
DA:9,2
LF:3
LH:3
BRF:0
BRH:0
end_of_record
TN:
SF:src/components/molecules/MyLibraryToggle/MyLibraryToggle.tsx
FN:11,MyLibraryToggle
FN:27,(anonymous_1)
FN:44,(anonymous_2)
FNF:3
FNH:3
FNDA:6,MyLibraryToggle
FNDA:1,(anonymous_1)
FNDA:1,(anonymous_2)
DA:12,6
DA:13,6
DA:14,6
DA:16,6
DA:28,1
DA:29,1
DA:45,1
DA:46,1
LF:8
LH:8
BRDA:32,0,0,3
BRDA:32,0,1,3
BRDA:32,1,0,6
BRDA:32,1,1,0
BRDA:32,1,2,6
BRDA:49,2,0,1
BRDA:49,2,1,5
BRDA:49,3,0,6
BRDA:49,3,1,6
BRF:9
BRH:8
end_of_record
TN:
SF:src/components/molecules/ReadAgainButton/ReadAgain.tsx
FN:9,(anonymous_0)
FN:21,(anonymous_1)
FNF:2
FNH:2
FNDA:5,(anonymous_0)
FNDA:1,(anonymous_1)
DA:9,2
DA:10,5
DA:22,1
DA:23,1
LF:4
LH:4
BRF:0
BRH:0
end_of_record
TN:
SF:src/components/molecules/SearchBar/SearchBar.tsx
FN:5,(anonymous_0)
FNF:1
FNH:1
FNDA:3,(anonymous_0)
DA:5,2
DA:6,3
DA:7,3
LF:3
LH:3
BRF:0
BRH:0
end_of_record
TN:
SF:src/components/molecules/ToggleTabs/ToggleTabs.tsx
FN:11,ToggleTabs
FN:18,(anonymous_1)
FN:27,(anonymous_2)
FN:34,(anonymous_3)
FNF:4
FNH:4
FNDA:8,ToggleTabs
FNDA:1,(anonymous_1)
FNDA:1,(anonymous_2)
FNDA:1,(anonymous_3)
DA:12,8
DA:14,8
DA:18,1
DA:27,1
DA:34,1
LF:5
LH:5
BRDA:20,0,0,4
BRDA:20,0,1,4
BRDA:28,1,0,0
BRDA:28,1,1,8
BRDA:35,2,0,4
BRDA:35,2,1,4
BRF:6
BRH:5
end_of_record
TN:
SF:src/components/molecules/UserAvatar/UserAvatar.tsx
FN:12,UserAvatar
FN:19,(anonymous_1)
FN:35,(anonymous_2)
FNF:3
FNH:3
FNDA:10,UserAvatar
FNDA:3,(anonymous_1)
FNDA:1,(anonymous_2)
DA:13,10
DA:14,10
DA:15,10
DA:19,3
DA:36,1
DA:37,1
LF:6
LH:6
BRDA:22,0,0,7
BRDA:22,0,1,3
BRF:2
BRH:2
end_of_record
TN:
SF:src/components/organisms/BookDetailPage/BookDetailPage.tsx
FN:8,BookDetailsPage
FN:40,(anonymous_1)
FNF:2
FNH:1
FNDA:4,BookDetailsPage
FNDA:0,(anonymous_1)
DA:10,4
DA:15,4
DA:22,4
DA:40,0
LF:4
LH:3
BRDA:45,0,0,4
BRDA:45,0,1,0
BRDA:47,1,0,0
BRDA:47,1,1,0
BRF:4
BRH:1
end_of_record
TN:
SF:src/components/organisms/BookGrid/BookGrid.tsx
FN:17,BookGrid
FN:18,(anonymous_1)
FNF:2
FNH:2
FNDA:29,BookGrid
FNDA:51,(anonymous_1)
DA:18,29
DA:19,51
DA:34,29
LF:3
LH:3
BRF:0
BRH:0
end_of_record
TN:
SF:src/components/organisms/CurrentlyReading/CurrentlyReading.tsx
FN:10,CurrentlyReading
FN:16,(anonymous_1)
FN:18,(anonymous_2)
FN:23,(anonymous_3)
FN:24,(anonymous_4)
FN:30,(anonymous_5)
FN:34,(anonymous_6)
FN:40,(anonymous_7)
FN:43,(anonymous_8)
FNF:9
FNH:3
FNDA:2,CurrentlyReading
FNDA:1,(anonymous_1)
FNDA:1,(anonymous_2)
FNDA:0,(anonymous_3)
FNDA:0,(anonymous_4)
FNDA:0,(anonymous_5)
FNDA:0,(anonymous_6)
FNDA:0,(anonymous_7)
FNDA:0,(anonymous_8)
DA:15,2
DA:16,2
DA:17,1
DA:19,1
DA:20,1
DA:23,2
DA:24,0
DA:25,0
DA:28,0
DA:30,0
DA:31,0
DA:34,0
DA:35,0
DA:36,0
DA:39,0
DA:41,0
DA:44,0
DA:49,2
LF:18
LH:7
BRF:0
BRH:0
end_of_record
TN:
SF:src/components/organisms/Entrepreneurship/Entrepreneurship.tsx
FN:10,Entrepreneurship
FN:13,(anonymous_1)
FN:18,(anonymous_2)
FN:19,(anonymous_3)
FN:26,(anonymous_4)
FN:27,(anonymous_5)
FN:34,(anonymous_6)
FN:35,(anonymous_7)
FNF:8
FNH:7
FNDA:10,Entrepreneurship
FNDA:0,(anonymous_1)
FNDA:2,(anonymous_2)
FNDA:2,(anonymous_3)
FNDA:2,(anonymous_4)
FNDA:2,(anonymous_5)
FNDA:2,(anonymous_6)
FNDA:2,(anonymous_7)
DA:11,10
DA:13,8
DA:14,0
DA:17,8
DA:18,8
DA:19,2
DA:20,2
DA:21,2
DA:22,2
DA:25,8
DA:26,8
DA:27,2
DA:28,2
DA:29,2
DA:30,2
DA:33,8
DA:34,8
DA:35,2
DA:36,2
DA:37,2
DA:38,2
DA:43,8
LF:22
LH:21
BRF:0
BRH:0
end_of_record
TN:
SF:src/components/organisms/ExploreCard/ExploreCard.tsx
FN:50,(anonymous_0)
FN:51,(anonymous_1)
FN:77,(anonymous_2)
FNF:3
FNH:3
FNDA:14,(anonymous_0)
FNDA:150,(anonymous_1)
FNDA:144,(anonymous_2)
DA:25,6
DA:50,6
DA:51,14
DA:52,150
DA:61,8
DA:78,144
LF:6
LH:6
BRF:0
BRH:0
end_of_record
TN:
SF:src/components/organisms/FinishedReading/FinishedReading.tsx
FN:9,FinishedReading
FN:16,(anonymous_1)
FN:18,(anonymous_2)
FN:24,(anonymous_3)
FN:25,(anonymous_4)
FN:29,(anonymous_5)
FN:34,(anonymous_6)
FN:41,(anonymous_7)
FN:44,(anonymous_8)
FNF:9
FNH:3
FNDA:2,FinishedReading
FNDA:1,(anonymous_1)
FNDA:1,(anonymous_2)
FNDA:0,(anonymous_3)
FNDA:0,(anonymous_4)
FNDA:0,(anonymous_5)
FNDA:0,(anonymous_6)
FNDA:0,(anonymous_7)
FNDA:0,(anonymous_8)
DA:14,2
DA:16,2
DA:17,1
DA:19,1
DA:20,1
DA:24,2
DA:25,0
DA:26,0
DA:28,0
DA:29,0
DA:30,0
DA:32,0
DA:35,0
DA:36,0
DA:39,0
DA:42,0
DA:45,0
DA:49,2
LF:18
LH:7
BRF:0
BRH:0
end_of_record
TN:
SF:src/components/organisms/Footer/Footer.tsx
FN:9,Footer
FNF:1
FNH:1
FNDA:5,Footer
DA:10,5
LF:1
LH:1
BRF:0
BRH:0
end_of_record
TN:
SF:src/components/organisms/Header/Headers.tsx
FN:12,Headers
FN:37,(anonymous_1)
FN:44,(anonymous_2)
FN:51,(anonymous_3)
FN:61,(anonymous_4)
FNF:5
FNH:1
FNDA:12,Headers
FNDA:0,(anonymous_1)
FNDA:0,(anonymous_2)
FNDA:0,(anonymous_3)
FNDA:0,(anonymous_4)
DA:13,12
DA:14,7
DA:15,7
DA:16,7
DA:17,7
DA:37,0
DA:44,0
DA:51,0
DA:61,0
LF:9
LH:5
BRDA:58,0,0,0
BRDA:58,0,1,7
BRF:2
BRH:1
end_of_record
TN:
SF:src/components/pages/AuthPage/AuthPage.tsx
FN:7,AuthPage
FN:35,(anonymous_1)
FN:43,(anonymous_2)
FNF:3
FNH:3
FNDA:3,AuthPage
FNDA:1,(anonymous_1)
FNDA:1,(anonymous_2)
DA:8,3
DA:9,3
DA:35,1
DA:43,1
LF:4
LH:4
BRF:0
BRH:0
end_of_record
TN:
SF:src/components/pages/BookDetailPage/BookDetailsPage.tsx
FN:8,BookDetailsPage
FNF:1
FNH:1
FNDA:2,BookDetailsPage
DA:9,2
LF:1
LH:1
BRF:0
BRH:0
end_of_record
TN:
SF:src/components/pages/EntrepreneurPage/Entrepreneur.tsx
FN:10,Entrepreneur
FNF:1
FNH:1
FNDA:2,Entrepreneur
DA:12,2
LF:1
LH:1
BRF:0
BRH:0
end_of_record
TN:
SF:src/components/pages/MyLibraryPage/Library.tsx
FN:11,Library
FN:15,handleChange
FN:29,(anonymous_2)
FNF:3
FNH:1
FNDA:2,Library
FNDA:0,handleChange
FNDA:0,(anonymous_2)
DA:13,2
DA:14,1
DA:16,0
DA:18,1
DA:29,0
LF:5
LH:3
BRF:0
BRH:0
end_of_record
TN:
SF:src/components/template/TemplatePage/templatePage.tsx
FN:10,Template
FNF:1
FNH:1
FNDA:8,Template
DA:11,8
LF:1
LH:1
BRF:0
BRH:0
end_of_record
TN:
SF:src/theme/index.tsx
FNF:0
FNH:0
DA:37,24
DA:84,24
LF:2
LH:2
BRF:0
BRH:0
end_of_record
